{"/home/tenemakan/Desktop/ai-challenge/backend/src/agents/checklist/checklist.agent.ts": {"path":"/home/tenemakan/Desktop/ai-challenge/backend/src/agents/checklist/checklist.agent.ts","statementMap":{"0":{"start":{"line":1,"column":0},"end":{"line":1,"column":52}},"1":{"start":{"line":2,"column":0},"end":{"line":2,"column":61}},"2":{"start":{"line":5,"column":0},"end":{"line":5,"column":65}},"3":{"start":{"line":6,"column":0},"end":{"line":6,"column":null}},"4":{"start":{"line":10,"column":0},"end":{"line":10,"column":57}},"5":{"start":{"line":12,"column":0},"end":{"line":12,"column":60}},"6":{"start":{"line":21,"column":7},"end":{"line":98,"column":null}},"7":{"start":{"line":25,"column":18},"end":{"line":25,"column":37}},"8":{"start":{"line":27,"column":28},"end":{"line":35,"column":14}},"9":{"start":{"line":41,"column":4},"end":{"line":41,"column":12}},"10":{"start":{"line":38,"column":43},"end":{"line":38,"column":60}},"11":{"start":{"line":39,"column":21},"end":{"line":39,"column":29}},"12":{"start":{"line":45,"column":16},"end":{"line":54,"column":6}},"13":{"start":{"line":56,"column":38},"end":{"line":63,"column":10}},"14":{"start":{"line":57,"column":34},"end":{"line":62,"column":10}},"15":{"start":{"line":65,"column":6},"end":{"line":65,"column":76}},"16":{"start":{"line":67,"column":4},"end":{"line":69,"column":5}},"17":{"start":{"line":68,"column":6},"end":{"line":68,"column":44}},"18":{"start":{"line":71,"column":4},"end":{"line":75,"column":6}},"19":{"start":{"line":83,"column":4},"end":{"line":96,"column":7}},"20":{"start":{"line":89,"column":37},"end":{"line":93,"column":12}},"21":{"start":{"line":21,"column":13},"end":{"line":21,"column":27}},"22":{"start":{"line":21,"column":13},"end":{"line":98,"column":null}}},"fnMap":{"0":{"name":"(anonymous_4)","decl":{"start":{"line":37,"column":2},"end":{"line":37,"column":null}},"loc":{"start":{"line":39,"column":42},"end":{"line":42,"column":3}}},"1":{"name":"(anonymous_5)","decl":{"start":{"line":44,"column":12},"end":{"line":44,"column":17}},"loc":{"start":{"line":44,"column":39},"end":{"line":76,"column":3}}},"2":{"name":"(anonymous_6)","decl":{"start":{"line":57,"column":22},"end":{"line":57,"column":23}},"loc":{"start":{"line":57,"column":34},"end":{"line":62,"column":10}}},"3":{"name":"(anonymous_7)","decl":{"start":{"line":78,"column":10},"end":{"line":78,"column":15}},"loc":{"start":{"line":81,"column":29},"end":{"line":97,"column":3}}},"4":{"name":"(anonymous_8)","decl":{"start":{"line":89,"column":28},"end":{"line":89,"column":29}},"loc":{"start":{"line":89,"column":37},"end":{"line":93,"column":12}}}},"branchMap":{"0":{"loc":{"start":{"line":51,"column":58},"end":{"line":51,"column":92}},"type":"binary-expr","locations":[{"start":{"line":51,"column":58},"end":{"line":51,"column":79}},{"start":{"line":51,"column":83},"end":{"line":51,"column":92}}]},"1":{"loc":{"start":{"line":56,"column":38},"end":{"line":63,"column":10}},"type":"cond-expr","locations":[{"start":{"line":57,"column":8},"end":{"line":62,"column":11}},{"start":{"line":63,"column":8},"end":{"line":63,"column":10}}]},"2":{"loc":{"start":{"line":58,"column":26},"end":{"line":58,"column":59}},"type":"binary-expr","locations":[{"start":{"line":58,"column":26},"end":{"line":58,"column":37}},{"start":{"line":58,"column":41},"end":{"line":58,"column":59}}]},"3":{"loc":{"start":{"line":61,"column":17},"end":{"line":61,"column":65}},"type":"cond-expr","locations":[{"start":{"line":61,"column":49},"end":{"line":61,"column":57}},{"start":{"line":61,"column":60},"end":{"line":61,"column":65}}]},"4":{"loc":{"start":{"line":65,"column":6},"end":{"line":65,"column":76}},"type":"cond-expr","locations":[{"start":{"line":65,"column":38},"end":{"line":65,"column":47}},{"start":{"line":65,"column":50},"end":{"line":65,"column":76}}]},"5":{"loc":{"start":{"line":67,"column":4},"end":{"line":69,"column":5}},"type":"if","locations":[{"start":{"line":67,"column":4},"end":{"line":69,"column":5}},{"start":{},"end":{}}]},"6":{"loc":{"start":{"line":67,"column":8},"end":{"line":67,"column":40}},"type":"binary-expr","locations":[{"start":{"line":67,"column":8},"end":{"line":67,"column":24}},{"start":{"line":67,"column":28},"end":{"line":67,"column":40}}]},"7":{"loc":{"start":{"line":73,"column":18},"end":{"line":73,"column":47}},"type":"cond-expr","locations":[{"start":{"line":73,"column":37},"end":{"line":73,"column":41}},{"start":{"line":73,"column":44},"end":{"line":73,"column":47}}]},"8":{"loc":{"start":{"line":74,"column":14},"end":{"line":74,"column":54}},"type":"cond-expr","locations":[{"start":{"line":74,"column":33},"end":{"line":74,"column":42}},{"start":{"line":74,"column":45},"end":{"line":74,"column":54}}]},"9":{"loc":{"start":{"line":39,"column":29},"end":{"line":39,"column":null}},"type":"cond-expr","locations":[{"start":{"line":39,"column":42},"end":{"line":39,"column":null}},{"start":{"line":39,"column":42},"end":{"line":39,"column":null}}]},"10":{"loc":{"start":{"line":39,"column":29},"end":{"line":39,"column":42}},"type":"binary-expr","locations":[{"start":{"line":39,"column":29},"end":{"line":39,"column":null}},{"start":{"line":39,"column":29},"end":{"line":39,"column":42}}]}},"s":{"0":1,"1":1,"2":1,"3":1,"4":1,"5":1,"6":1,"7":2,"8":2,"9":2,"10":2,"11":2,"12":2,"13":2,"14":2,"15":2,"16":2,"17":1,"18":2,"19":1,"20":2,"21":1,"22":1},"f":{"0":2,"1":2,"2":2,"3":1,"4":2},"b":{"0":[2,2],"1":[2,0],"2":[2,0],"3":[2,0],"4":[1,1],"5":[1,1],"6":[2,1],"7":[1,1],"8":[1,1],"9":[1,0],"10":[1,1]}}
,"/home/tenemakan/Desktop/ai-challenge/backend/src/agents/conversation/conversation.agent.ts": {"path":"/home/tenemakan/Desktop/ai-challenge/backend/src/agents/conversation/conversation.agent.ts","statementMap":{"0":{"start":{"line":1,"column":0},"end":{"line":1,"column":60}},"1":{"start":{"line":3,"column":0},"end":{"line":3,"column":61}},"2":{"start":{"line":4,"column":0},"end":{"line":4,"column":74}},"3":{"start":{"line":5,"column":0},"end":{"line":5,"column":57}},"4":{"start":{"line":7,"column":0},"end":{"line":7,"column":60}},"5":{"start":{"line":8,"column":0},"end":{"line":8,"column":79}},"6":{"start":{"line":28,"column":30},"end":{"line":214,"column":null}},"7":{"start":{"line":29,"column":28},"end":{"line":29,"column":62}},"8":{"start":{"line":32,"column":21},"end":{"line":32,"column":35}},"9":{"start":{"line":33,"column":21},"end":{"line":33,"column":29}},"10":{"start":{"line":34,"column":43},"end":{"line":34,"column":60}},"11":{"start":{"line":38,"column":18},"end":{"line":38,"column":28}},"12":{"start":{"line":39,"column":27},"end":{"line":42,"column":null}},"13":{"start":{"line":45,"column":4},"end":{"line":47,"column":7}},"14":{"start":{"line":49,"column":4},"end":{"line":49,"column":22}},"15":{"start":{"line":50,"column":4},"end":{"line":50,"column":57}},"16":{"start":{"line":52,"column":30},"end":{"line":61,"column":6}},"17":{"start":{"line":63,"column":4},"end":{"line":71,"column":5}},"18":{"start":{"line":64,"column":6},"end":{"line":67,"column":9}},"19":{"start":{"line":66,"column":10},"end":{"line":66,"column":63}},"20":{"start":{"line":69,"column":6},"end":{"line":69,"column":76}},"21":{"start":{"line":74,"column":22},"end":{"line":74,"column":78}},"22":{"start":{"line":75,"column":4},"end":{"line":83,"column":7}},"23":{"start":{"line":77,"column":59},"end":{"line":81,"column":8}},"24":{"start":{"line":86,"column":20},"end":{"line":86,"column":70}},"25":{"start":{"line":87,"column":4},"end":{"line":92,"column":7}},"26":{"start":{"line":94,"column":4},"end":{"line":101,"column":6}},"27":{"start":{"line":113,"column":21},"end":{"line":113,"column":61}},"28":{"start":{"line":115,"column":6},"end":{"line":116,"column":102}},"29":{"start":{"line":117,"column":25},"end":{"line":119,"column":10}},"30":{"start":{"line":121,"column":6},"end":{"line":123,"column":36}},"31":{"start":{"line":125,"column":21},"end":{"line":125,"column":60}},"32":{"start":{"line":127,"column":15},"end":{"line":127,"column":17}},"33":{"start":{"line":128,"column":4},"end":{"line":171,"column":5}},"34":{"start":{"line":129,"column":21},"end":{"line":136,"column":null}},"35":{"start":{"line":133,"column":12},"end":{"line":133,"column":25}},"36":{"start":{"line":134,"column":12},"end":{"line":134,"column":61}},"37":{"start":{"line":139,"column":6},"end":{"line":147,"column":9}},"38":{"start":{"line":148,"column":6},"end":{"line":159,"column":9}},"39":{"start":{"line":161,"column":6},"end":{"line":161,"column":60}},"40":{"start":{"line":162,"column":6},"end":{"line":162,"column":16}},"41":{"start":{"line":164,"column":6},"end":{"line":168,"column":9}},"42":{"start":{"line":169,"column":6},"end":{"line":169,"column":71}},"43":{"start":{"line":170,"column":6},"end":{"line":170,"column":16}},"44":{"start":{"line":175,"column":20},"end":{"line":179,"column":6}},"45":{"start":{"line":180,"column":4},"end":{"line":183,"column":8}},"46":{"start":{"line":180,"column":31},"end":{"line":183,"column":6}},"47":{"start":{"line":191,"column":4},"end":{"line":196,"column":5}},"48":{"start":{"line":192,"column":19},"end":{"line":194,"column":8}},"49":{"start":{"line":195,"column":6},"end":{"line":195,"column":31}},"50":{"start":{"line":195,"column":16},"end":{"line":195,"column":31}},"51":{"start":{"line":197,"column":20},"end":{"line":199,"column":6}},"52":{"start":{"line":200,"column":4},"end":{"line":200,"column":22}},"53":{"start":{"line":205,"column":4},"end":{"line":205,"column":55}},"54":{"start":{"line":206,"column":4},"end":{"line":206,"column":47}},"55":{"start":{"line":207,"column":4},"end":{"line":207,"column":46}},"56":{"start":{"line":208,"column":4},"end":{"line":208,"column":45}},"57":{"start":{"line":212,"column":4},"end":{"line":212,"column":54}},"58":{"start":{"line":28,"column":13},"end":{"line":28,"column":30}},"59":{"start":{"line":28,"column":13},"end":{"line":214,"column":null}}},"fnMap":{"0":{"name":"(anonymous_4)","decl":{"start":{"line":31,"column":2},"end":{"line":31,"column":null}},"loc":{"start":{"line":34,"column":60},"end":{"line":35,"column":6}}},"1":{"name":"(anonymous_5)","decl":{"start":{"line":37,"column":2},"end":{"line":37,"column":7}},"loc":{"start":{"line":37,"column":62},"end":{"line":102,"column":3}}},"2":{"name":"(anonymous_6)","decl":{"start":{"line":65,"column":21},"end":{"line":65,"column":22}},"loc":{"start":{"line":66,"column":10},"end":{"line":66,"column":63}}},"3":{"name":"(anonymous_7)","decl":{"start":{"line":77,"column":51},"end":{"line":77,"column":52}},"loc":{"start":{"line":77,"column":59},"end":{"line":81,"column":8}}},"4":{"name":"(anonymous_8)","decl":{"start":{"line":105,"column":10},"end":{"line":105,"column":15}},"loc":{"start":{"line":111,"column":17},"end":{"line":172,"column":3}}},"5":{"name":"(anonymous_9)","decl":{"start":{"line":132,"column":18},"end":{"line":132,"column":19}},"loc":{"start":{"line":132,"column":27},"end":{"line":135,"column":11}}},"6":{"name":"(anonymous_10)","decl":{"start":{"line":174,"column":10},"end":{"line":174,"column":15}},"loc":{"start":{"line":174,"column":51},"end":{"line":184,"column":3}}},"7":{"name":"(anonymous_11)","decl":{"start":{"line":180,"column":23},"end":{"line":180,"column":24}},"loc":{"start":{"line":180,"column":31},"end":{"line":183,"column":6}}},"8":{"name":"(anonymous_12)","decl":{"start":{"line":186,"column":10},"end":{"line":186,"column":15}},"loc":{"start":{"line":189,"column":19},"end":{"line":201,"column":3}}},"9":{"name":"(anonymous_13)","decl":{"start":{"line":204,"column":10},"end":{"line":204,"column":17}},"loc":{"start":{"line":204,"column":31},"end":{"line":209,"column":3}}},"10":{"name":"(anonymous_14)","decl":{"start":{"line":211,"column":10},"end":{"line":211,"column":14}},"loc":{"start":{"line":211,"column":62},"end":{"line":213,"column":3}}}},"branchMap":{"0":{"loc":{"start":{"line":54,"column":16},"end":{"line":54,"column":37}},"type":"binary-expr","locations":[{"start":{"line":54,"column":16},"end":{"line":54,"column":31}},{"start":{"line":54,"column":35},"end":{"line":54,"column":37}}]},"1":{"loc":{"start":{"line":77,"column":16},"end":{"line":77,"column":45}},"type":"binary-expr","locations":[{"start":{"line":77,"column":16},"end":{"line":77,"column":39}},{"start":{"line":77,"column":43},"end":{"line":77,"column":45}}]},"2":{"loc":{"start":{"line":82,"column":16},"end":{"line":82,"column":36}},"type":"binary-expr","locations":[{"start":{"line":82,"column":16},"end":{"line":82,"column":28}},{"start":{"line":82,"column":32},"end":{"line":82,"column":36}}]},"3":{"loc":{"start":{"line":89,"column":14},"end":{"line":89,"column":43}},"type":"binary-expr","locations":[{"start":{"line":89,"column":14},"end":{"line":89,"column":35}},{"start":{"line":89,"column":39},"end":{"line":89,"column":43}}]},"4":{"loc":{"start":{"line":90,"column":18},"end":{"line":90,"column":51}},"type":"binary-expr","locations":[{"start":{"line":90,"column":18},"end":{"line":90,"column":43}},{"start":{"line":90,"column":47},"end":{"line":90,"column":51}}]},"5":{"loc":{"start":{"line":91,"column":25},"end":{"line":91,"column":65}},"type":"binary-expr","locations":[{"start":{"line":91,"column":25},"end":{"line":91,"column":57}},{"start":{"line":91,"column":61},"end":{"line":91,"column":65}}]},"6":{"loc":{"start":{"line":97,"column":6},"end":{"line":97,"column":36}},"type":"binary-expr","locations":[{"start":{"line":97,"column":6},"end":{"line":97,"column":30}},{"start":{"line":97,"column":34},"end":{"line":97,"column":36}}]},"7":{"loc":{"start":{"line":115,"column":6},"end":{"line":116,"column":102}},"type":"binary-expr","locations":[{"start":{"line":115,"column":6},"end":{"line":115,"column":29}},{"start":{"line":116,"column":6},"end":{"line":116,"column":102}}]},"8":{"loc":{"start":{"line":117,"column":25},"end":{"line":119,"column":10}},"type":"cond-expr","locations":[{"start":{"line":118,"column":8},"end":{"line":118,"column":239}},{"start":{"line":119,"column":8},"end":{"line":119,"column":10}}]},"9":{"loc":{"start":{"line":121,"column":7},"end":{"line":123,"column":20}},"type":"cond-expr","locations":[{"start":{"line":122,"column":10},"end":{"line":122,"column":74}},{"start":{"line":123,"column":10},"end":{"line":123,"column":20}}]},"10":{"loc":{"start":{"line":144,"column":18},"end":{"line":144,"column":45}},"type":"binary-expr","locations":[{"start":{"line":144,"column":18},"end":{"line":144,"column":37}},{"start":{"line":144,"column":41},"end":{"line":144,"column":45}}]},"11":{"loc":{"start":{"line":181,"column":12},"end":{"line":181,"column":76}},"type":"cond-expr","locations":[{"start":{"line":181,"column":35},"end":{"line":181,"column":51}},{"start":{"line":181,"column":55},"end":{"line":181,"column":76}}]},"12":{"loc":{"start":{"line":191,"column":4},"end":{"line":196,"column":5}},"type":"if","locations":[{"start":{"line":191,"column":4},"end":{"line":196,"column":5}},{"start":{},"end":{}}]},"13":{"loc":{"start":{"line":195,"column":6},"end":{"line":195,"column":31}},"type":"if","locations":[{"start":{"line":195,"column":6},"end":{"line":195,"column":31}},{"start":{},"end":{}}]},"14":{"loc":{"start":{"line":32,"column":35},"end":{"line":32,"column":null}},"type":"cond-expr","locations":[{"start":{"line":32,"column":54},"end":{"line":32,"column":null}},{"start":{"line":32,"column":54},"end":{"line":32,"column":null}}]},"15":{"loc":{"start":{"line":32,"column":35},"end":{"line":32,"column":54}},"type":"binary-expr","locations":[{"start":{"line":32,"column":35},"end":{"line":32,"column":null}},{"start":{"line":32,"column":35},"end":{"line":32,"column":54}}]},"16":{"loc":{"start":{"line":32,"column":54},"end":{"line":33,"column":null}},"type":"cond-expr","locations":[{"start":{"line":33,"column":42},"end":{"line":33,"column":null}},{"start":{"line":33,"column":42},"end":{"line":33,"column":null}}]},"17":{"loc":{"start":{"line":32,"column":54},"end":{"line":33,"column":42}},"type":"binary-expr","locations":[{"start":{"line":32,"column":54},"end":{"line":33,"column":null}},{"start":{"line":33,"column":29},"end":{"line":33,"column":42}}]}},"s":{"0":1,"1":1,"2":1,"3":1,"4":1,"5":1,"6":1,"7":6,"8":6,"9":6,"10":6,"11":6,"12":6,"13":6,"14":6,"15":6,"16":6,"17":6,"18":6,"19":6,"20":0,"21":6,"22":6,"23":6,"24":6,"25":6,"26":6,"27":6,"28":6,"29":6,"30":6,"31":6,"32":6,"33":6,"34":6,"35":10,"36":10,"37":5,"38":5,"39":5,"40":5,"41":1,"42":1,"43":1,"44":6,"45":6,"46":6,"47":6,"48":6,"49":6,"50":6,"51":0,"52":0,"53":6,"54":6,"55":6,"56":6,"57":40,"58":1,"59":1},"f":{"0":6,"1":6,"2":6,"3":6,"4":6,"5":10,"6":6,"7":6,"8":6,"9":6,"10":40},"b":{"0":[6,6],"1":[6,0],"2":[6,6],"3":[6,0],"4":[6,0],"5":[6,0],"6":[6,0],"7":[6,0],"8":[0,6],"9":[6,0],"10":[5,0],"11":[6,0],"12":[6,0],"13":[6,0],"14":[1,0],"15":[1,1],"16":[1,0],"17":[1,1]}}
,"/home/tenemakan/Desktop/ai-challenge/backend/src/agents/document/document.agent.ts": {"path":"/home/tenemakan/Desktop/ai-challenge/backend/src/agents/document/document.agent.ts","statementMap":{"0":{"start":{"line":1,"column":0},"end":{"line":1,"column":52}},"1":{"start":{"line":2,"column":0},"end":{"line":2,"column":61}},"2":{"start":{"line":3,"column":0},"end":{"line":3,"column":74}},"3":{"start":{"line":5,"column":0},"end":{"line":5,"column":65}},"4":{"start":{"line":6,"column":0},"end":{"line":6,"column":null}},"5":{"start":{"line":10,"column":0},"end":{"line":10,"column":57}},"6":{"start":{"line":20,"column":7},"end":{"line":97,"column":null}},"7":{"start":{"line":24,"column":18},"end":{"line":24,"column":36}},"8":{"start":{"line":26,"column":28},"end":{"line":35,"column":14}},"9":{"start":{"line":38,"column":4},"end":{"line":38,"column":12}},"10":{"start":{"line":37,"column":53},"end":{"line":37,"column":70}},"11":{"start":{"line":45,"column":17},"end":{"line":47,"column":null}},"12":{"start":{"line":49,"column":22},"end":{"line":51,"column":22}},"13":{"start":{"line":50,"column":18},"end":{"line":50,"column":23}},"14":{"start":{"line":53,"column":16},"end":{"line":70,"column":6}},"15":{"start":{"line":72,"column":41},"end":{"line":79,"column":10}},"16":{"start":{"line":74,"column":25},"end":{"line":74,"column":55}},"17":{"start":{"line":75,"column":23},"end":{"line":78,"column":12}},"18":{"start":{"line":82,"column":4},"end":{"line":84,"column":5}},"19":{"start":{"line":83,"column":6},"end":{"line":83,"column":81}},"20":{"start":{"line":83,"column":42},"end":{"line":83,"column":78}},"21":{"start":{"line":86,"column":4},"end":{"line":95,"column":6}},"22":{"start":{"line":91,"column":48},"end":{"line":91,"column":69}},"23":{"start":{"line":20,"column":13},"end":{"line":20,"column":26}},"24":{"start":{"line":20,"column":13},"end":{"line":97,"column":null}}},"fnMap":{"0":{"name":"(anonymous_4)","decl":{"start":{"line":37,"column":2},"end":{"line":37,"column":15}},"loc":{"start":{"line":37,"column":70},"end":{"line":39,"column":3}}},"1":{"name":"(anonymous_5)","decl":{"start":{"line":41,"column":12},"end":{"line":41,"column":17}},"loc":{"start":{"line":42,"column":21},"end":{"line":96,"column":3}}},"2":{"name":"(anonymous_6)","decl":{"start":{"line":50,"column":11},"end":{"line":50,"column":12}},"loc":{"start":{"line":50,"column":18},"end":{"line":50,"column":23}}},"3":{"name":"(anonymous_7)","decl":{"start":{"line":74,"column":18},"end":{"line":74,"column":19}},"loc":{"start":{"line":74,"column":25},"end":{"line":74,"column":55}}},"4":{"name":"(anonymous_8)","decl":{"start":{"line":75,"column":15},"end":{"line":75,"column":16}},"loc":{"start":{"line":75,"column":23},"end":{"line":78,"column":12}}},"5":{"name":"(anonymous_9)","decl":{"start":{"line":83,"column":32},"end":{"line":83,"column":33}},"loc":{"start":{"line":83,"column":42},"end":{"line":83,"column":78}}},"6":{"name":"(anonymous_10)","decl":{"start":{"line":91,"column":41},"end":{"line":91,"column":42}},"loc":{"start":{"line":91,"column":48},"end":{"line":91,"column":69}}}},"branchMap":{"0":{"loc":{"start":{"line":49,"column":23},"end":{"line":49,"column":58}},"type":"binary-expr","locations":[{"start":{"line":49,"column":23},"end":{"line":49,"column":52}},{"start":{"line":49,"column":56},"end":{"line":49,"column":58}}]},"1":{"loc":{"start":{"line":61,"column":12},"end":{"line":63,"column":20}},"type":"cond-expr","locations":[{"start":{"line":62,"column":16},"end":{"line":62,"column":68}},{"start":{"line":63,"column":16},"end":{"line":63,"column":20}}]},"2":{"loc":{"start":{"line":64,"column":26},"end":{"line":64,"column":60}},"type":"binary-expr","locations":[{"start":{"line":64,"column":26},"end":{"line":64,"column":47}},{"start":{"line":64,"column":51},"end":{"line":64,"column":60}}]},"3":{"loc":{"start":{"line":72,"column":41},"end":{"line":79,"column":10}},"type":"cond-expr","locations":[{"start":{"line":73,"column":8},"end":{"line":78,"column":13}},{"start":{"line":79,"column":8},"end":{"line":79,"column":10}}]},"4":{"loc":{"start":{"line":74,"column":25},"end":{"line":74,"column":55}},"type":"binary-expr","locations":[{"start":{"line":74,"column":25},"end":{"line":74,"column":26}},{"start":{"line":74,"column":30},"end":{"line":74,"column":55}}]},"5":{"loc":{"start":{"line":77,"column":20},"end":{"line":77,"column":65}},"type":"cond-expr","locations":[{"start":{"line":77,"column":44},"end":{"line":77,"column":52}},{"start":{"line":77,"column":55},"end":{"line":77,"column":65}}]},"6":{"loc":{"start":{"line":82,"column":4},"end":{"line":84,"column":5}},"type":"if","locations":[{"start":{"line":82,"column":4},"end":{"line":84,"column":5}},{"start":{},"end":{}}]},"7":{"loc":{"start":{"line":82,"column":8},"end":{"line":82,"column":54}},"type":"binary-expr","locations":[{"start":{"line":82,"column":8},"end":{"line":82,"column":30}},{"start":{"line":82,"column":34},"end":{"line":82,"column":54}}]},"8":{"loc":{"start":{"line":88,"column":16},"end":{"line":88,"column":64}},"type":"cond-expr","locations":[{"start":{"line":88,"column":49},"end":{"line":88,"column":59}},{"start":{"line":88,"column":62},"end":{"line":88,"column":64}}]},"9":{"loc":{"start":{"line":90,"column":27},"end":{"line":92,"column":14}},"type":"cond-expr","locations":[{"start":{"line":91,"column":12},"end":{"line":91,"column":70}},{"start":{"line":92,"column":12},"end":{"line":92,"column":14}}]},"10":{"loc":{"start":{"line":94,"column":18},"end":{"line":94,"column":51}},"type":"cond-expr","locations":[{"start":{"line":94,"column":41},"end":{"line":94,"column":45}},{"start":{"line":94,"column":48},"end":{"line":94,"column":51}}]}},"s":{"0":1,"1":1,"2":1,"3":1,"4":1,"5":1,"6":1,"7":2,"8":2,"9":2,"10":2,"11":2,"12":2,"13":1,"14":2,"15":2,"16":2,"17":2,"18":2,"19":1,"20":1,"21":2,"22":1,"23":1,"24":1},"f":{"0":2,"1":2,"2":1,"3":2,"4":2,"5":1,"6":1},"b":{"0":[2,1],"1":[1,1],"2":[2,2],"3":[2,0],"4":[2,2],"5":[1,1],"6":[1,1],"7":[2,1],"8":[2,0],"9":[2,0],"10":[2,0]}}
,"/home/tenemakan/Desktop/ai-challenge/backend/src/agents/folder/folder.agent.ts": {"path":"/home/tenemakan/Desktop/ai-challenge/backend/src/agents/folder/folder.agent.ts","statementMap":{"0":{"start":{"line":1,"column":0},"end":{"line":1,"column":44}},"1":{"start":{"line":2,"column":0},"end":{"line":2,"column":61}},"2":{"start":{"line":3,"column":0},"end":{"line":3,"column":74}},"3":{"start":{"line":5,"column":0},"end":{"line":5,"column":65}},"4":{"start":{"line":6,"column":0},"end":{"line":6,"column":73}},"5":{"start":{"line":35,"column":7},"end":{"line":127,"column":null}},"6":{"start":{"line":36,"column":18},"end":{"line":36,"column":34}},"7":{"start":{"line":39,"column":4},"end":{"line":39,"column":12}},"8":{"start":{"line":38,"column":31},"end":{"line":38,"column":40}},"9":{"start":{"line":43,"column":21},"end":{"line":43,"column":33}},"10":{"start":{"line":46,"column":21},"end":{"line":46,"column":70}},"11":{"start":{"line":47,"column":4},"end":{"line":55,"column":5}},"12":{"start":{"line":48,"column":6},"end":{"line":54,"column":9}},"13":{"start":{"line":58,"column":17},"end":{"line":58,"column":43}},"14":{"start":{"line":59,"column":4},"end":{"line":59,"column":76}},"15":{"start":{"line":59,"column":25},"end":{"line":59,"column":76}},"16":{"start":{"line":62,"column":20},"end":{"line":62,"column":44}},"17":{"start":{"line":63,"column":4},"end":{"line":63,"column":80}},"18":{"start":{"line":63,"column":28},"end":{"line":63,"column":80}},"19":{"start":{"line":66,"column":4},"end":{"line":69,"column":7}},"20":{"start":{"line":70,"column":4},"end":{"line":74,"column":7}},"21":{"start":{"line":75,"column":19},"end":{"line":75,"column":65}},"22":{"start":{"line":77,"column":4},"end":{"line":88,"column":6}},"23":{"start":{"line":92,"column":39},"end":{"line":92,"column":41}},"24":{"start":{"line":93,"column":17},"end":{"line":93,"column":34}},"25":{"start":{"line":94,"column":17},"end":{"line":99,"column":5}},"26":{"start":{"line":95,"column":18},"end":{"line":95,"column":42}},"27":{"start":{"line":96,"column":6},"end":{"line":96,"column":40}},"28":{"start":{"line":96,"column":33},"end":{"line":96,"column":40}},"29":{"start":{"line":97,"column":6},"end":{"line":97,"column":20}},"30":{"start":{"line":98,"column":6},"end":{"line":98,"column":57}},"31":{"start":{"line":101,"column":22},"end":{"line":101,"column":73}},"32":{"start":{"line":102,"column":4},"end":{"line":104,"column":6}},"33":{"start":{"line":103,"column":6},"end":{"line":103,"column":40}},"34":{"start":{"line":106,"column":21},"end":{"line":106,"column":70}},"35":{"start":{"line":107,"column":4},"end":{"line":109,"column":6}},"36":{"start":{"line":108,"column":6},"end":{"line":108,"column":47}},"37":{"start":{"line":111,"column":4},"end":{"line":111,"column":15}},"38":{"start":{"line":115,"column":89},"end":{"line":115,"column":91}},"39":{"start":{"line":116,"column":17},"end":{"line":116,"column":34}},"40":{"start":{"line":117,"column":4},"end":{"line":124,"column":5}},"41":{"start":{"line":118,"column":6},"end":{"line":123,"column":9}},"42":{"start":{"line":119,"column":20},"end":{"line":119,"column":51}},"43":{"start":{"line":120,"column":8},"end":{"line":120,"column":34}},"44":{"start":{"line":120,"column":27},"end":{"line":120,"column":34}},"45":{"start":{"line":121,"column":8},"end":{"line":121,"column":22}},"46":{"start":{"line":122,"column":8},"end":{"line":122,"column":93}},"47":{"start":{"line":125,"column":4},"end":{"line":125,"column":19}},"48":{"start":{"line":35,"column":13},"end":{"line":35,"column":24}},"49":{"start":{"line":35,"column":13},"end":{"line":127,"column":null}}},"fnMap":{"0":{"name":"(anonymous_2)","decl":{"start":{"line":38,"column":2},"end":{"line":38,"column":31}},"loc":{"start":{"line":38,"column":53},"end":{"line":40,"column":3}}},"1":{"name":"(anonymous_3)","decl":{"start":{"line":42,"column":12},"end":{"line":42,"column":17}},"loc":{"start":{"line":42,"column":39},"end":{"line":89,"column":3}}},"2":{"name":"(anonymous_4)","decl":{"start":{"line":91,"column":10},"end":{"line":91,"column":26}},"loc":{"start":{"line":91,"column":44},"end":{"line":112,"column":3}}},"3":{"name":"(anonymous_5)","decl":{"start":{"line":94,"column":17},"end":{"line":94,"column":18}},"loc":{"start":{"line":94,"column":74},"end":{"line":99,"column":5}}},"4":{"name":"(anonymous_6)","decl":{"start":{"line":102,"column":48},"end":{"line":102,"column":49}},"loc":{"start":{"line":103,"column":6},"end":{"line":103,"column":40}}},"5":{"name":"(anonymous_7)","decl":{"start":{"line":107,"column":39},"end":{"line":107,"column":40}},"loc":{"start":{"line":108,"column":6},"end":{"line":108,"column":47}}},"6":{"name":"(anonymous_8)","decl":{"start":{"line":114,"column":10},"end":{"line":114,"column":24}},"loc":{"start":{"line":114,"column":42},"end":{"line":126,"column":3}}},"7":{"name":"(anonymous_9)","decl":{"start":{"line":118,"column":31},"end":{"line":118,"column":32}},"loc":{"start":{"line":118,"column":37},"end":{"line":123,"column":7}}}},"branchMap":{"0":{"loc":{"start":{"line":47,"column":4},"end":{"line":55,"column":5}},"type":"if","locations":[{"start":{"line":47,"column":4},"end":{"line":55,"column":5}},{"start":{},"end":{}}]},"1":{"loc":{"start":{"line":47,"column":8},"end":{"line":47,"column":62}},"type":"binary-expr","locations":[{"start":{"line":47,"column":8},"end":{"line":47,"column":38}},{"start":{"line":47,"column":42},"end":{"line":47,"column":62}}]},"2":{"loc":{"start":{"line":50,"column":14},"end":{"line":50,"column":49}},"type":"binary-expr","locations":[{"start":{"line":50,"column":14},"end":{"line":50,"column":41}},{"start":{"line":50,"column":45},"end":{"line":50,"column":49}}]},"3":{"loc":{"start":{"line":51,"column":15},"end":{"line":53,"column":16}},"type":"cond-expr","locations":[{"start":{"line":52,"column":12},"end":{"line":52,"column":58}},{"start":{"line":53,"column":12},"end":{"line":53,"column":16}}]},"4":{"loc":{"start":{"line":59,"column":4},"end":{"line":59,"column":76}},"type":"if","locations":[{"start":{"line":59,"column":4},"end":{"line":59,"column":76}},{"start":{},"end":{}}]},"5":{"loc":{"start":{"line":63,"column":4},"end":{"line":63,"column":80}},"type":"if","locations":[{"start":{"line":63,"column":4},"end":{"line":63,"column":80}},{"start":{},"end":{}}]},"6":{"loc":{"start":{"line":94,"column":31},"end":{"line":94,"column":49}},"type":"default-arg","locations":[{"start":{"line":94,"column":45},"end":{"line":94,"column":49}}]},"7":{"loc":{"start":{"line":94,"column":51},"end":{"line":94,"column":70}},"type":"default-arg","locations":[{"start":{"line":94,"column":60},"end":{"line":94,"column":70}}]},"8":{"loc":{"start":{"line":96,"column":6},"end":{"line":96,"column":40}},"type":"if","locations":[{"start":{"line":96,"column":6},"end":{"line":96,"column":40}},{"start":{},"end":{}}]},"9":{"loc":{"start":{"line":96,"column":10},"end":{"line":96,"column":31}},"type":"binary-expr","locations":[{"start":{"line":96,"column":10},"end":{"line":96,"column":14}},{"start":{"line":96,"column":18},"end":{"line":96,"column":31}}]},"10":{"loc":{"start":{"line":103,"column":18},"end":{"line":103,"column":39}},"type":"binary-expr","locations":[{"start":{"line":103,"column":18},"end":{"line":103,"column":31}},{"start":{"line":103,"column":35},"end":{"line":103,"column":39}}]},"11":{"loc":{"start":{"line":108,"column":24},"end":{"line":108,"column":46}},"type":"binary-expr","locations":[{"start":{"line":108,"column":24},"end":{"line":108,"column":32}},{"start":{"line":108,"column":36},"end":{"line":108,"column":46}}]},"12":{"loc":{"start":{"line":119,"column":38},"end":{"line":119,"column":49}},"type":"binary-expr","locations":[{"start":{"line":119,"column":38},"end":{"line":119,"column":43}},{"start":{"line":119,"column":47},"end":{"line":119,"column":49}}]},"13":{"loc":{"start":{"line":120,"column":8},"end":{"line":120,"column":34}},"type":"if","locations":[{"start":{"line":120,"column":8},"end":{"line":120,"column":34}},{"start":{},"end":{}}]},"14":{"loc":{"start":{"line":122,"column":52},"end":{"line":122,"column":65}},"type":"binary-expr","locations":[{"start":{"line":122,"column":52},"end":{"line":122,"column":57}},{"start":{"line":122,"column":61},"end":{"line":122,"column":65}}]},"15":{"loc":{"start":{"line":122,"column":74},"end":{"line":122,"column":89}},"type":"binary-expr","locations":[{"start":{"line":122,"column":74},"end":{"line":122,"column":81}},{"start":{"line":122,"column":85},"end":{"line":122,"column":89}}]},"16":{"loc":{"start":{"line":38,"column":40},"end":{"line":38,"column":null}},"type":"cond-expr","locations":[{"start":{"line":38,"column":53},"end":{"line":38,"column":null}},{"start":{"line":38,"column":53},"end":{"line":38,"column":null}}]},"17":{"loc":{"start":{"line":38,"column":40},"end":{"line":38,"column":53}},"type":"binary-expr","locations":[{"start":{"line":38,"column":40},"end":{"line":38,"column":null}},{"start":{"line":38,"column":40},"end":{"line":38,"column":53}}]}},"s":{"0":1,"1":1,"2":1,"3":1,"4":1,"5":1,"6":2,"7":2,"8":2,"9":2,"10":2,"11":2,"12":1,"13":2,"14":2,"15":2,"16":2,"17":2,"18":1,"19":2,"20":2,"21":2,"22":2,"23":2,"24":2,"25":2,"26":4,"27":4,"28":1,"29":3,"30":3,"31":2,"32":2,"33":2,"34":2,"35":2,"36":2,"37":2,"38":2,"39":2,"40":2,"41":5,"42":1,"43":1,"44":0,"45":1,"46":1,"47":2,"48":1,"49":1},"f":{"0":2,"1":2,"2":2,"3":4,"4":2,"5":2,"6":2,"7":1},"b":{"0":[1,1],"1":[2,1],"2":[1,0],"3":[1,0],"4":[2,0],"5":[1,1],"6":[0],"7":[2],"8":[1,3],"9":[4,4],"10":[2,0],"11":[2,0],"12":[1,0],"13":[0,1],"14":[1,0],"15":[1,1],"16":[1,0],"17":[1,1]}}
,"/home/tenemakan/Desktop/ai-challenge/backend/src/agents/intent-analysis/intent-analysis.agent.ts": {"path":"/home/tenemakan/Desktop/ai-challenge/backend/src/agents/intent-analysis/intent-analysis.agent.ts","statementMap":{"0":{"start":{"line":1,"column":0},"end":{"line":1,"column":52}},"1":{"start":{"line":2,"column":0},"end":{"line":2,"column":61}},"2":{"start":{"line":5,"column":0},"end":{"line":5,"column":65}},"3":{"start":{"line":6,"column":0},"end":{"line":6,"column":54}},"4":{"start":{"line":7,"column":0},"end":{"line":7,"column":57}},"5":{"start":{"line":18,"column":7},"end":{"line":92,"column":null}},"6":{"start":{"line":22,"column":18},"end":{"line":22,"column":42}},"7":{"start":{"line":24,"column":28},"end":{"line":39,"column":14}},"8":{"start":{"line":42,"column":4},"end":{"line":42,"column":12}},"9":{"start":{"line":41,"column":53},"end":{"line":41,"column":70}},"10":{"start":{"line":48,"column":16},"end":{"line":52,"column":6}},"11":{"start":{"line":54,"column":17},"end":{"line":54,"column":36}},"12":{"start":{"line":55,"column":4},"end":{"line":60,"column":6}},"13":{"start":{"line":65,"column":19},"end":{"line":67,"column":24}},"14":{"start":{"line":68,"column":27},"end":{"line":68,"column":68}},"15":{"start":{"line":69,"column":20},"end":{"line":71,"column":10}},"16":{"start":{"line":70,"column":35},"end":{"line":70,"column":56}},"17":{"start":{"line":73,"column":6},"end":{"line":75,"column":18}},"18":{"start":{"line":77,"column":4},"end":{"line":90,"column":6}},"19":{"start":{"line":87,"column":42},"end":{"line":87,"column":63}},"20":{"start":{"line":18,"column":13},"end":{"line":18,"column":32}},"21":{"start":{"line":18,"column":13},"end":{"line":92,"column":null}}},"fnMap":{"0":{"name":"(anonymous_4)","decl":{"start":{"line":41,"column":2},"end":{"line":41,"column":15}},"loc":{"start":{"line":41,"column":70},"end":{"line":43,"column":3}}},"1":{"name":"(anonymous_5)","decl":{"start":{"line":45,"column":12},"end":{"line":45,"column":17}},"loc":{"start":{"line":46,"column":21},"end":{"line":61,"column":3}}},"2":{"name":"(anonymous_6)","decl":{"start":{"line":64,"column":10},"end":{"line":64,"column":19}},"loc":{"start":{"line":64,"column":49},"end":{"line":91,"column":3}}},"3":{"name":"(anonymous_7)","decl":{"start":{"line":70,"column":28},"end":{"line":70,"column":29}},"loc":{"start":{"line":70,"column":35},"end":{"line":70,"column":56}}},"4":{"name":"(anonymous_8)","decl":{"start":{"line":87,"column":35},"end":{"line":87,"column":36}},"loc":{"start":{"line":87,"column":42},"end":{"line":87,"column":63}}}},"branchMap":{"0":{"loc":{"start":{"line":59,"column":14},"end":{"line":59,"column":59}},"type":"cond-expr","locations":[{"start":{"line":59,"column":38},"end":{"line":59,"column":47}},{"start":{"line":59,"column":50},"end":{"line":59,"column":59}}]},"1":{"loc":{"start":{"line":65,"column":19},"end":{"line":67,"column":24}},"type":"cond-expr","locations":[{"start":{"line":66,"column":9},"end":{"line":66,"column":30}},{"start":{"line":67,"column":8},"end":{"line":67,"column":24}}]},"2":{"loc":{"start":{"line":69,"column":20},"end":{"line":71,"column":10}},"type":"cond-expr","locations":[{"start":{"line":70,"column":9},"end":{"line":70,"column":73}},{"start":{"line":71,"column":8},"end":{"line":71,"column":10}}]},"3":{"loc":{"start":{"line":73,"column":6},"end":{"line":75,"column":18}},"type":"cond-expr","locations":[{"start":{"line":74,"column":10},"end":{"line":74,"column":22}},{"start":{"line":75,"column":10},"end":{"line":75,"column":18}}]},"4":{"loc":{"start":{"line":73,"column":6},"end":{"line":73,"column":55}},"type":"binary-expr","locations":[{"start":{"line":73,"column":6},"end":{"line":73,"column":28}},{"start":{"line":73,"column":32},"end":{"line":73,"column":55}}]},"5":{"loc":{"start":{"line":78,"column":14},"end":{"line":78,"column":69}},"type":"cond-expr","locations":[{"start":{"line":78,"column":47},"end":{"line":78,"column":57}},{"start":{"line":78,"column":60},"end":{"line":78,"column":69}}]},"6":{"loc":{"start":{"line":80,"column":17},"end":{"line":80,"column":73}},"type":"cond-expr","locations":[{"start":{"line":80,"column":53},"end":{"line":80,"column":66}},{"start":{"line":80,"column":69},"end":{"line":80,"column":73}}]},"7":{"loc":{"start":{"line":82,"column":8},"end":{"line":84,"column":15}},"type":"cond-expr","locations":[{"start":{"line":83,"column":12},"end":{"line":83,"column":52}},{"start":{"line":84,"column":12},"end":{"line":84,"column":15}}]},"8":{"loc":{"start":{"line":86,"column":21},"end":{"line":88,"column":12}},"type":"cond-expr","locations":[{"start":{"line":87,"column":10},"end":{"line":87,"column":64}},{"start":{"line":88,"column":10},"end":{"line":88,"column":12}}]}},"s":{"0":1,"1":1,"2":1,"3":1,"4":1,"5":1,"6":5,"7":5,"8":5,"9":5,"10":5,"11":4,"12":4,"13":4,"14":4,"15":4,"16":4,"17":4,"18":4,"19":2,"20":1,"21":1},"f":{"0":5,"1":5,"2":4,"3":4,"4":2},"b":{"0":[1,3],"1":[3,1],"2":[4,0],"3":[2,2],"4":[4,3],"5":[3,1],"6":[1,3],"7":[4,0],"8":[3,1]}}
,"/home/tenemakan/Desktop/ai-challenge/backend/src/agents/knowledge/knowledge.agent.ts": {"path":"/home/tenemakan/Desktop/ai-challenge/backend/src/agents/knowledge/knowledge.agent.ts","statementMap":{"0":{"start":{"line":1,"column":0},"end":{"line":1,"column":44}},"1":{"start":{"line":2,"column":0},"end":{"line":2,"column":54}},"2":{"start":{"line":3,"column":0},"end":{"line":3,"column":61}},"3":{"start":{"line":6,"column":0},"end":{"line":6,"column":65}},"4":{"start":{"line":7,"column":0},"end":{"line":7,"column":55}},"5":{"start":{"line":8,"column":0},"end":{"line":8,"column":60}},"6":{"start":{"line":11,"column":0},"end":{"line":11,"column":68}},"7":{"start":{"line":13,"column":22},"end":{"line":13,"column":23}},"8":{"start":{"line":14,"column":26},"end":{"line":14,"column":29}},"9":{"start":{"line":22,"column":7},"end":{"line":100,"column":null}},"10":{"start":{"line":26,"column":18},"end":{"line":26,"column":37}},"11":{"start":{"line":33,"column":4},"end":{"line":33,"column":12}},"12":{"start":{"line":29,"column":21},"end":{"line":29,"column":29}},"13":{"start":{"line":30,"column":21},"end":{"line":30,"column":29}},"14":{"start":{"line":31,"column":21},"end":{"line":31,"column":29}},"15":{"start":{"line":39,"column":32},"end":{"line":39,"column":51}},"16":{"start":{"line":40,"column":19},"end":{"line":40,"column":66}},"17":{"start":{"line":41,"column":17},"end":{"line":41,"column":38}},"18":{"start":{"line":42,"column":23},"end":{"line":42,"column":61}},"19":{"start":{"line":44,"column":37},"end":{"line":48,"column":6}},"20":{"start":{"line":51,"column":28},"end":{"line":51,"column":68}},"21":{"start":{"line":53,"column":4},"end":{"line":66,"column":5}},"22":{"start":{"line":54,"column":6},"end":{"line":58,"column":9}},"23":{"start":{"line":59,"column":6},"end":{"line":65,"column":8}},"24":{"start":{"line":68,"column":4},"end":{"line":72,"column":6}},"25":{"start":{"line":76,"column":21},"end":{"line":76,"column":61}},"26":{"start":{"line":77,"column":4},"end":{"line":80,"column":6}},"27":{"start":{"line":84,"column":4},"end":{"line":84,"column":39}},"28":{"start":{"line":84,"column":29},"end":{"line":84,"column":39}},"29":{"start":{"line":85,"column":4},"end":{"line":87,"column":27}},"30":{"start":{"line":86,"column":21},"end":{"line":86,"column":65}},"31":{"start":{"line":91,"column":17},"end":{"line":91,"column":34}},"32":{"start":{"line":92,"column":33},"end":{"line":92,"column":35}},"33":{"start":{"line":93,"column":4},"end":{"line":97,"column":5}},"34":{"start":{"line":94,"column":6},"end":{"line":94,"column":38}},"35":{"start":{"line":94,"column":29},"end":{"line":94,"column":38}},"36":{"start":{"line":95,"column":6},"end":{"line":95,"column":24}},"37":{"start":{"line":96,"column":6},"end":{"line":96,"column":59}},"38":{"start":{"line":98,"column":4},"end":{"line":98,"column":19}},"39":{"start":{"line":22,"column":13},"end":{"line":22,"column":27}},"40":{"start":{"line":22,"column":13},"end":{"line":100,"column":null}}},"fnMap":{"0":{"name":"(anonymous_2)","decl":{"start":{"line":28,"column":2},"end":{"line":28,"column":null}},"loc":{"start":{"line":31,"column":42},"end":{"line":34,"column":3}}},"1":{"name":"(anonymous_3)","decl":{"start":{"line":36,"column":12},"end":{"line":36,"column":17}},"loc":{"start":{"line":37,"column":21},"end":{"line":73,"column":3}}},"2":{"name":"(anonymous_4)","decl":{"start":{"line":75,"column":10},"end":{"line":75,"column":15}},"loc":{"start":{"line":75,"column":22},"end":{"line":81,"column":3}}},"3":{"name":"(anonymous_5)","decl":{"start":{"line":83,"column":10},"end":{"line":83,"column":22}},"loc":{"start":{"line":83,"column":50},"end":{"line":88,"column":3}}},"4":{"name":"(anonymous_6)","decl":{"start":{"line":86,"column":11},"end":{"line":86,"column":12}},"loc":{"start":{"line":86,"column":21},"end":{"line":86,"column":65}}},"5":{"name":"(anonymous_7)","decl":{"start":{"line":90,"column":10},"end":{"line":90,"column":19}},"loc":{"start":{"line":90,"column":47},"end":{"line":99,"column":3}}}},"branchMap":{"0":{"loc":{"start":{"line":41,"column":17},"end":{"line":41,"column":38}},"type":"binary-expr","locations":[{"start":{"line":41,"column":17},"end":{"line":41,"column":33}},{"start":{"line":41,"column":37},"end":{"line":41,"column":38}}]},"1":{"loc":{"start":{"line":42,"column":23},"end":{"line":42,"column":61}},"type":"binary-expr","locations":[{"start":{"line":42,"column":23},"end":{"line":42,"column":40}},{"start":{"line":42,"column":44},"end":{"line":42,"column":61}}]},"2":{"loc":{"start":{"line":53,"column":4},"end":{"line":66,"column":5}},"type":"if","locations":[{"start":{"line":53,"column":4},"end":{"line":66,"column":5}},{"start":{},"end":{}}]},"3":{"loc":{"start":{"line":53,"column":8},"end":{"line":53,"column":39}},"type":"binary-expr","locations":[{"start":{"line":53,"column":8},"end":{"line":53,"column":19}},{"start":{"line":53,"column":23},"end":{"line":53,"column":39}}]},"4":{"loc":{"start":{"line":78,"column":12},"end":{"line":78,"column":43}},"type":"binary-expr","locations":[{"start":{"line":78,"column":12},"end":{"line":78,"column":26}},{"start":{"line":78,"column":30},"end":{"line":78,"column":43}}]},"5":{"loc":{"start":{"line":79,"column":17},"end":{"line":79,"column":63}},"type":"binary-expr","locations":[{"start":{"line":79,"column":17},"end":{"line":79,"column":42}},{"start":{"line":79,"column":46},"end":{"line":79,"column":63}}]},"6":{"loc":{"start":{"line":84,"column":4},"end":{"line":84,"column":39}},"type":"if","locations":[{"start":{"line":84,"column":4},"end":{"line":84,"column":39}},{"start":{},"end":{}}]},"7":{"loc":{"start":{"line":94,"column":6},"end":{"line":94,"column":38}},"type":"if","locations":[{"start":{"line":94,"column":6},"end":{"line":94,"column":38}},{"start":{},"end":{}}]},"8":{"loc":{"start":{"line":29,"column":29},"end":{"line":29,"column":null}},"type":"cond-expr","locations":[{"start":{"line":29,"column":51},"end":{"line":29,"column":null}},{"start":{"line":29,"column":51},"end":{"line":29,"column":null}}]},"9":{"loc":{"start":{"line":29,"column":29},"end":{"line":29,"column":51}},"type":"binary-expr","locations":[{"start":{"line":29,"column":29},"end":{"line":29,"column":null}},{"start":{"line":29,"column":29},"end":{"line":29,"column":51}}]},"10":{"loc":{"start":{"line":29,"column":51},"end":{"line":30,"column":null}},"type":"cond-expr","locations":[{"start":{"line":30,"column":42},"end":{"line":30,"column":null}},{"start":{"line":30,"column":42},"end":{"line":30,"column":null}}]},"11":{"loc":{"start":{"line":29,"column":51},"end":{"line":30,"column":42}},"type":"binary-expr","locations":[{"start":{"line":29,"column":51},"end":{"line":30,"column":null}},{"start":{"line":30,"column":29},"end":{"line":30,"column":42}}]},"12":{"loc":{"start":{"line":30,"column":42},"end":{"line":31,"column":null}},"type":"cond-expr","locations":[{"start":{"line":31,"column":42},"end":{"line":31,"column":null}},{"start":{"line":31,"column":42},"end":{"line":31,"column":null}}]},"13":{"loc":{"start":{"line":30,"column":42},"end":{"line":31,"column":42}},"type":"binary-expr","locations":[{"start":{"line":30,"column":42},"end":{"line":31,"column":null}},{"start":{"line":31,"column":29},"end":{"line":31,"column":42}}]}},"s":{"0":1,"1":1,"2":1,"3":1,"4":1,"5":1,"6":1,"7":1,"8":1,"9":1,"10":4,"11":4,"12":4,"13":4,"14":4,"15":4,"16":4,"17":4,"18":4,"19":4,"20":4,"21":4,"22":2,"23":2,"24":2,"25":4,"26":4,"27":4,"28":1,"29":3,"30":4,"31":4,"32":4,"33":4,"34":4,"35":0,"36":4,"37":4,"38":4,"39":1,"40":1},"f":{"0":4,"1":4,"2":4,"3":4,"4":4,"5":4},"b":{"0":[4,1],"1":[4,3],"2":[2,2],"3":[4,3],"4":[4,4],"5":[4,4],"6":[1,3],"7":[0,4],"8":[1,0],"9":[1,1],"10":[1,0],"11":[1,1],"12":[1,0],"13":[1,1]}}
,"/home/tenemakan/Desktop/ai-challenge/backend/src/agents/knowledge-manager/knowledge-manager.agent.ts": {"path":"/home/tenemakan/Desktop/ai-challenge/backend/src/agents/knowledge-manager/knowledge-manager.agent.ts","statementMap":{"0":{"start":{"line":1,"column":0},"end":{"line":1,"column":52}},"1":{"start":{"line":2,"column":0},"end":{"line":2,"column":36}},"2":{"start":{"line":3,"column":0},"end":{"line":3,"column":54}},"3":{"start":{"line":4,"column":0},"end":{"line":4,"column":61}},"4":{"start":{"line":5,"column":0},"end":{"line":5,"column":74}},"5":{"start":{"line":7,"column":0},"end":{"line":7,"column":65}},"6":{"start":{"line":8,"column":0},"end":{"line":8,"column":55}},"7":{"start":{"line":9,"column":0},"end":{"line":9,"column":69}},"8":{"start":{"line":11,"column":0},"end":{"line":11,"column":60}},"9":{"start":{"line":12,"column":0},"end":{"line":12,"column":79}},"10":{"start":{"line":25,"column":7},"end":{"line":131,"column":null}},"11":{"start":{"line":29,"column":18},"end":{"line":29,"column":44}},"12":{"start":{"line":37,"column":4},"end":{"line":37,"column":12}},"13":{"start":{"line":32,"column":21},"end":{"line":32,"column":29}},"14":{"start":{"line":33,"column":49},"end":{"line":33,"column":78}},"15":{"start":{"line":34,"column":21},"end":{"line":34,"column":31}},"16":{"start":{"line":35,"column":21},"end":{"line":35,"column":29}},"17":{"start":{"line":43,"column":23},"end":{"line":45,"column":null}},"18":{"start":{"line":47,"column":16},"end":{"line":47,"column":51}},"19":{"start":{"line":49,"column":43},"end":{"line":49,"column":45}},"20":{"start":{"line":50,"column":22},"end":{"line":50,"column":23}},"21":{"start":{"line":52,"column":4},"end":{"line":63,"column":5}},"22":{"start":{"line":53,"column":24},"end":{"line":55,"column":8}},"23":{"start":{"line":56,"column":6},"end":{"line":56,"column":64}},"24":{"start":{"line":56,"column":55},"end":{"line":56,"column":64}},"25":{"start":{"line":58,"column":24},"end":{"line":58,"column":52}},"26":{"start":{"line":59,"column":6},"end":{"line":62,"column":7}},"27":{"start":{"line":60,"column":8},"end":{"line":60,"column":34}},"28":{"start":{"line":61,"column":8},"end":{"line":61,"column":48}},"29":{"start":{"line":65,"column":4},"end":{"line":71,"column":5}},"30":{"start":{"line":66,"column":6},"end":{"line":70,"column":9}},"31":{"start":{"line":73,"column":4},"end":{"line":79,"column":6}},"32":{"start":{"line":89,"column":19},"end":{"line":89,"column":77}},"33":{"start":{"line":90,"column":4},"end":{"line":90,"column":41}},"34":{"start":{"line":90,"column":29},"end":{"line":90,"column":41}},"35":{"start":{"line":92,"column":21},"end":{"line":100,"column":6}},"36":{"start":{"line":102,"column":23},"end":{"line":102,"column":62}},"37":{"start":{"line":103,"column":4},"end":{"line":109,"column":5}},"38":{"start":{"line":103,"column":17},"end":{"line":103,"column":18}},"39":{"start":{"line":104,"column":24},"end":{"line":104,"column":54}},"40":{"start":{"line":105,"column":6},"end":{"line":108,"column":8}},"41":{"start":{"line":111,"column":4},"end":{"line":117,"column":7}},"42":{"start":{"line":119,"column":4},"end":{"line":122,"column":7}},"43":{"start":{"line":124,"column":4},"end":{"line":129,"column":6}},"44":{"start":{"line":25,"column":13},"end":{"line":25,"column":34}},"45":{"start":{"line":25,"column":13},"end":{"line":131,"column":null}}},"fnMap":{"0":{"name":"(anonymous_4)","decl":{"start":{"line":31,"column":2},"end":{"line":31,"column":null}},"loc":{"start":{"line":35,"column":42},"end":{"line":38,"column":3}}},"1":{"name":"(anonymous_5)","decl":{"start":{"line":40,"column":12},"end":{"line":40,"column":17}},"loc":{"start":{"line":41,"column":21},"end":{"line":80,"column":3}}},"2":{"name":"(anonymous_6)","decl":{"start":{"line":82,"column":10},"end":{"line":82,"column":15}},"loc":{"start":{"line":88,"column":3},"end":{"line":130,"column":3}}}},"branchMap":{"0":{"loc":{"start":{"line":47,"column":16},"end":{"line":47,"column":51}},"type":"binary-expr","locations":[{"start":{"line":47,"column":16},"end":{"line":47,"column":45}},{"start":{"line":47,"column":49},"end":{"line":47,"column":51}}]},"1":{"loc":{"start":{"line":56,"column":6},"end":{"line":56,"column":64}},"type":"if","locations":[{"start":{"line":56,"column":6},"end":{"line":56,"column":64}},{"start":{},"end":{}}]},"2":{"loc":{"start":{"line":56,"column":10},"end":{"line":56,"column":53}},"type":"binary-expr","locations":[{"start":{"line":56,"column":10},"end":{"line":56,"column":20}},{"start":{"line":56,"column":24},"end":{"line":56,"column":53}}]},"3":{"loc":{"start":{"line":59,"column":6},"end":{"line":62,"column":7}},"type":"if","locations":[{"start":{"line":59,"column":6},"end":{"line":62,"column":7}},{"start":{},"end":{}}]},"4":{"loc":{"start":{"line":65,"column":4},"end":{"line":71,"column":5}},"type":"if","locations":[{"start":{"line":65,"column":4},"end":{"line":71,"column":5}},{"start":{},"end":{}}]},"5":{"loc":{"start":{"line":75,"column":18},"end":{"line":75,"column":50}},"type":"cond-expr","locations":[{"start":{"line":75,"column":41},"end":{"line":75,"column":44}},{"start":{"line":75,"column":47},"end":{"line":75,"column":50}}]},"6":{"loc":{"start":{"line":76,"column":14},"end":{"line":76,"column":58}},"type":"cond-expr","locations":[{"start":{"line":76,"column":37},"end":{"line":76,"column":46}},{"start":{"line":76,"column":49},"end":{"line":76,"column":58}}]},"7":{"loc":{"start":{"line":78,"column":17},"end":{"line":78,"column":66}},"type":"cond-expr","locations":[{"start":{"line":78,"column":40},"end":{"line":78,"column":61}},{"start":{"line":78,"column":64},"end":{"line":78,"column":66}}]},"8":{"loc":{"start":{"line":90,"column":4},"end":{"line":90,"column":41}},"type":"if","locations":[{"start":{"line":90,"column":4},"end":{"line":90,"column":41}},{"start":{},"end":{}}]},"9":{"loc":{"start":{"line":32,"column":29},"end":{"line":32,"column":null}},"type":"cond-expr","locations":[{"start":{"line":32,"column":42},"end":{"line":32,"column":null}},{"start":{"line":32,"column":42},"end":{"line":32,"column":null}}]},"10":{"loc":{"start":{"line":32,"column":29},"end":{"line":32,"column":42}},"type":"binary-expr","locations":[{"start":{"line":32,"column":29},"end":{"line":32,"column":null}},{"start":{"line":32,"column":29},"end":{"line":32,"column":42}}]},"11":{"loc":{"start":{"line":32,"column":42},"end":{"line":34,"column":null}},"type":"cond-expr","locations":[{"start":{"line":34,"column":47},"end":{"line":34,"column":null}},{"start":{"line":34,"column":47},"end":{"line":34,"column":null}}]},"12":{"loc":{"start":{"line":32,"column":42},"end":{"line":34,"column":47}},"type":"binary-expr","locations":[{"start":{"line":32,"column":42},"end":{"line":34,"column":null}},{"start":{"line":34,"column":31},"end":{"line":34,"column":47}}]},"13":{"loc":{"start":{"line":34,"column":47},"end":{"line":35,"column":null}},"type":"cond-expr","locations":[{"start":{"line":35,"column":42},"end":{"line":35,"column":null}},{"start":{"line":35,"column":42},"end":{"line":35,"column":null}}]},"14":{"loc":{"start":{"line":34,"column":47},"end":{"line":35,"column":42}},"type":"binary-expr","locations":[{"start":{"line":34,"column":47},"end":{"line":35,"column":null}},{"start":{"line":35,"column":29},"end":{"line":35,"column":42}}]}},"s":{"0":1,"1":1,"2":1,"3":1,"4":1,"5":1,"6":1,"7":1,"8":1,"9":1,"10":1,"11":2,"12":2,"13":2,"14":2,"15":2,"16":2,"17":2,"18":2,"19":2,"20":2,"21":2,"22":1,"23":1,"24":0,"25":1,"26":1,"27":1,"28":1,"29":2,"30":1,"31":2,"32":1,"33":1,"34":0,"35":1,"36":1,"37":1,"38":1,"39":2,"40":2,"41":1,"42":1,"43":1,"44":1,"45":1},"f":{"0":2,"1":2,"2":1},"b":{"0":[2,0],"1":[0,1],"2":[1,1],"3":[1,0],"4":[1,1],"5":[1,1],"6":[1,1],"7":[1,1],"8":[0,1],"9":[1,0],"10":[1,1],"11":[1,0],"12":[1,1],"13":[1,0],"14":[1,1]}}
,"/home/tenemakan/Desktop/ai-challenge/backend/src/agents/knowledge-validation/knowledge-validation.agent.ts": {"path":"/home/tenemakan/Desktop/ai-challenge/backend/src/agents/knowledge-validation/knowledge-validation.agent.ts","statementMap":{"0":{"start":{"line":1,"column":0},"end":{"line":1,"column":44}},"1":{"start":{"line":2,"column":0},"end":{"line":2,"column":61}},"2":{"start":{"line":3,"column":0},"end":{"line":3,"column":74}},"3":{"start":{"line":5,"column":0},"end":{"line":5,"column":65}},"4":{"start":{"line":6,"column":0},"end":{"line":6,"column":60}},"5":{"start":{"line":13,"column":20},"end":{"line":13,"column":23}},"6":{"start":{"line":14,"column":22},"end":{"line":14,"column":26}},"7":{"start":{"line":22,"column":7},"end":{"line":113,"column":null}},"8":{"start":{"line":26,"column":18},"end":{"line":26,"column":47}},"9":{"start":{"line":29,"column":4},"end":{"line":29,"column":12}},"10":{"start":{"line":28,"column":31},"end":{"line":28,"column":39}},"11":{"start":{"line":35,"column":16},"end":{"line":37,"column":null}},"12":{"start":{"line":39,"column":16},"end":{"line":39,"column":62}},"13":{"start":{"line":39,"column":57},"end":{"line":39,"column":61}},"14":{"start":{"line":41,"column":34},"end":{"line":41,"column":36}},"15":{"start":{"line":42,"column":55},"end":{"line":42,"column":57}},"16":{"start":{"line":43,"column":56},"end":{"line":43,"column":58}},"17":{"start":{"line":45,"column":19},"end":{"line":45,"column":49}},"18":{"start":{"line":47,"column":4},"end":{"line":74,"column":5}},"19":{"start":{"line":48,"column":24},"end":{"line":50,"column":8}},"20":{"start":{"line":51,"column":6},"end":{"line":51,"column":31}},"21":{"start":{"line":51,"column":22},"end":{"line":51,"column":31}},"22":{"start":{"line":53,"column":21},"end":{"line":53,"column":83}},"23":{"start":{"line":54,"column":6},"end":{"line":54,"column":29}},"24":{"start":{"line":56,"column":23},"end":{"line":56,"column":89}},"25":{"start":{"line":57,"column":21},"end":{"line":61,"column":14}},"26":{"start":{"line":63,"column":6},"end":{"line":70,"column":9}},"27":{"start":{"line":72,"column":6},"end":{"line":73,"column":61}},"28":{"start":{"line":72,"column":20},"end":{"line":72,"column":41}},"29":{"start":{"line":73,"column":11},"end":{"line":73,"column":61}},"30":{"start":{"line":76,"column":4},"end":{"line":81,"column":6}},"31":{"start":{"line":90,"column":20},"end":{"line":90,"column":64}},"32":{"start":{"line":93,"column":18},"end":{"line":93,"column":36}},"33":{"start":{"line":94,"column":17},"end":{"line":94,"column":68}},"34":{"start":{"line":94,"column":43},"end":{"line":94,"column":60}},"35":{"start":{"line":95,"column":22},"end":{"line":95,"column":72}},"36":{"start":{"line":98,"column":21},"end":{"line":98,"column":67}},"37":{"start":{"line":99,"column":22},"end":{"line":99,"column":79}},"38":{"start":{"line":102,"column":22},"end":{"line":102,"column":23}},"39":{"start":{"line":104,"column":4},"end":{"line":104,"column":56}},"40":{"start":{"line":108,"column":4},"end":{"line":111,"column":36}},"41":{"start":{"line":111,"column":21},"end":{"line":111,"column":34}},"42":{"start":{"line":22,"column":13},"end":{"line":22,"column":37}},"43":{"start":{"line":22,"column":13},"end":{"line":113,"column":null}}},"fnMap":{"0":{"name":"(anonymous_2)","decl":{"start":{"line":28,"column":2},"end":{"line":28,"column":31}},"loc":{"start":{"line":28,"column":52},"end":{"line":30,"column":3}}},"1":{"name":"(anonymous_3)","decl":{"start":{"line":32,"column":12},"end":{"line":32,"column":17}},"loc":{"start":{"line":33,"column":21},"end":{"line":82,"column":3}}},"2":{"name":"(anonymous_4)","decl":{"start":{"line":39,"column":50},"end":{"line":39,"column":51}},"loc":{"start":{"line":39,"column":57},"end":{"line":39,"column":61}}},"3":{"name":"(anonymous_5)","decl":{"start":{"line":84,"column":10},"end":{"line":84,"column":15}},"loc":{"start":{"line":87,"column":25},"end":{"line":105,"column":3}}},"4":{"name":"(anonymous_6)","decl":{"start":{"line":94,"column":36},"end":{"line":94,"column":37}},"loc":{"start":{"line":94,"column":43},"end":{"line":94,"column":60}}},"5":{"name":"(anonymous_7)","decl":{"start":{"line":107,"column":10},"end":{"line":107,"column":18}},"loc":{"start":{"line":107,"column":28},"end":{"line":112,"column":3}}},"6":{"name":"(anonymous_8)","decl":{"start":{"line":111,"column":14},"end":{"line":111,"column":15}},"loc":{"start":{"line":111,"column":21},"end":{"line":111,"column":34}}}},"branchMap":{"0":{"loc":{"start":{"line":39,"column":17},"end":{"line":39,"column":44}},"type":"binary-expr","locations":[{"start":{"line":39,"column":17},"end":{"line":39,"column":38}},{"start":{"line":39,"column":42},"end":{"line":39,"column":44}}]},"1":{"loc":{"start":{"line":51,"column":6},"end":{"line":51,"column":31}},"type":"if","locations":[{"start":{"line":51,"column":6},"end":{"line":51,"column":31}},{"start":{},"end":{}}]},"2":{"loc":{"start":{"line":56,"column":23},"end":{"line":56,"column":89}},"type":"binary-expr","locations":[{"start":{"line":56,"column":23},"end":{"line":56,"column":52}},{"start":{"line":56,"column":56},"end":{"line":56,"column":89}}]},"3":{"loc":{"start":{"line":57,"column":21},"end":{"line":61,"column":14}},"type":"cond-expr","locations":[{"start":{"line":58,"column":10},"end":{"line":60,"column":52}},{"start":{"line":61,"column":10},"end":{"line":61,"column":14}}]},"4":{"loc":{"start":{"line":58,"column":10},"end":{"line":60,"column":52}},"type":"cond-expr","locations":[{"start":{"line":59,"column":12},"end":{"line":59,"column":34}},{"start":{"line":60,"column":12},"end":{"line":60,"column":52}}]},"5":{"loc":{"start":{"line":66,"column":18},"end":{"line":66,"column":48}},"type":"cond-expr","locations":[{"start":{"line":66,"column":29},"end":{"line":66,"column":37}},{"start":{"line":66,"column":40},"end":{"line":66,"column":48}}]},"6":{"loc":{"start":{"line":72,"column":6},"end":{"line":73,"column":61}},"type":"if","locations":[{"start":{"line":72,"column":6},"end":{"line":73,"column":61}},{"start":{"line":73,"column":11},"end":{"line":73,"column":61}}]},"7":{"loc":{"start":{"line":73,"column":39},"end":{"line":73,"column":57}},"type":"binary-expr","locations":[{"start":{"line":73,"column":39},"end":{"line":73,"column":45}},{"start":{"line":73,"column":49},"end":{"line":73,"column":57}}]},"8":{"loc":{"start":{"line":78,"column":18},"end":{"line":78,"column":66}},"type":"cond-expr","locations":[{"start":{"line":78,"column":31},"end":{"line":78,"column":62}},{"start":{"line":78,"column":65},"end":{"line":78,"column":66}}]},"9":{"loc":{"start":{"line":79,"column":14},"end":{"line":79,"column":60}},"type":"cond-expr","locations":[{"start":{"line":79,"column":39},"end":{"line":79,"column":48}},{"start":{"line":79,"column":51},"end":{"line":79,"column":60}}]},"10":{"loc":{"start":{"line":80,"column":17},"end":{"line":80,"column":75}},"type":"cond-expr","locations":[{"start":{"line":80,"column":42},"end":{"line":80,"column":70}},{"start":{"line":80,"column":73},"end":{"line":80,"column":75}}]},"11":{"loc":{"start":{"line":95,"column":22},"end":{"line":95,"column":72}},"type":"cond-expr","locations":[{"start":{"line":95,"column":43},"end":{"line":95,"column":68}},{"start":{"line":95,"column":71},"end":{"line":95,"column":72}}]},"12":{"loc":{"start":{"line":99,"column":22},"end":{"line":99,"column":79}},"type":"cond-expr","locations":[{"start":{"line":99,"column":38},"end":{"line":99,"column":39}},{"start":{"line":99,"column":42},"end":{"line":99,"column":79}}]},"13":{"loc":{"start":{"line":28,"column":39},"end":{"line":28,"column":null}},"type":"cond-expr","locations":[{"start":{"line":28,"column":52},"end":{"line":28,"column":null}},{"start":{"line":28,"column":52},"end":{"line":28,"column":null}}]},"14":{"loc":{"start":{"line":28,"column":39},"end":{"line":28,"column":52}},"type":"binary-expr","locations":[{"start":{"line":28,"column":39},"end":{"line":28,"column":null}},{"start":{"line":28,"column":39},"end":{"line":28,"column":52}}]}},"s":{"0":1,"1":1,"2":1,"3":1,"4":1,"5":1,"6":1,"7":1,"8":2,"9":2,"10":2,"11":2,"12":2,"13":2,"14":2,"15":2,"16":2,"17":2,"18":2,"19":2,"20":2,"21":0,"22":2,"23":2,"24":2,"25":2,"26":2,"27":2,"28":1,"29":1,"30":2,"31":2,"32":2,"33":2,"34":5,"35":2,"36":2,"37":2,"38":2,"39":2,"40":2,"41":8,"42":1,"43":1},"f":{"0":2,"1":2,"2":2,"3":2,"4":5,"5":2,"6":8},"b":{"0":[2,0],"1":[0,2],"2":[2,1],"3":[1,1],"4":[1,0],"5":[1,1],"6":[1,1],"7":[1,0],"8":[2,0],"9":[1,1],"10":[1,1],"11":[2,0],"12":[2,0],"13":[1,0],"14":[1,1]}}
,"/home/tenemakan/Desktop/ai-challenge/backend/src/agents/learning/learning.agent.ts": {"path":"/home/tenemakan/Desktop/ai-challenge/backend/src/agents/learning/learning.agent.ts","statementMap":{"0":{"start":{"line":1,"column":0},"end":{"line":1,"column":44}},"1":{"start":{"line":2,"column":0},"end":{"line":2,"column":63}},"2":{"start":{"line":3,"column":0},"end":{"line":3,"column":55}},"3":{"start":{"line":6,"column":0},"end":{"line":6,"column":53}},"4":{"start":{"line":13,"column":7},"end":{"line":63,"column":null}},"5":{"start":{"line":15,"column":21},"end":{"line":15,"column":31}},"6":{"start":{"line":16,"column":21},"end":{"line":16,"column":29}},"7":{"start":{"line":21,"column":16},"end":{"line":21,"column":69}},"8":{"start":{"line":22,"column":4},"end":{"line":27,"column":7}},"9":{"start":{"line":35,"column":16},"end":{"line":35,"column":50}},"10":{"start":{"line":36,"column":4},"end":{"line":40,"column":7}},"11":{"start":{"line":41,"column":4},"end":{"line":44,"column":7}},"12":{"start":{"line":53,"column":4},"end":{"line":53,"column":75}},"13":{"start":{"line":53,"column":68},"end":{"line":53,"column":75}},"14":{"start":{"line":54,"column":4},"end":{"line":61,"column":5}},"15":{"start":{"line":55,"column":6},"end":{"line":60,"column":9}},"16":{"start":{"line":13,"column":13},"end":{"line":13,"column":26}},"17":{"start":{"line":20,"column":8},"end":{"line":28,"column":null}},"18":{"start":{"line":31,"column":8},"end":{"line":45,"column":null}},"19":{"start":{"line":48,"column":8},"end":{"line":62,"column":null}},"20":{"start":{"line":13,"column":13},"end":{"line":63,"column":null}}},"fnMap":{"0":{"name":"(anonymous_2)","decl":{"start":{"line":14,"column":2},"end":{"line":14,"column":null}},"loc":{"start":{"line":16,"column":42},"end":{"line":17,"column":6}}},"1":{"name":"(anonymous_3)","decl":{"start":{"line":20,"column":8},"end":{"line":20,"column":23}},"loc":{"start":{"line":20,"column":51},"end":{"line":28,"column":3}}},"2":{"name":"(anonymous_4)","decl":{"start":{"line":31,"column":8},"end":{"line":31,"column":31}},"loc":{"start":{"line":34,"column":3},"end":{"line":45,"column":3}}},"3":{"name":"(anonymous_5)","decl":{"start":{"line":48,"column":8},"end":{"line":48,"column":22}},"loc":{"start":{"line":52,"column":3},"end":{"line":62,"column":3}}}},"branchMap":{"0":{"loc":{"start":{"line":21,"column":16},"end":{"line":21,"column":69}},"type":"binary-expr","locations":[{"start":{"line":21,"column":16},"end":{"line":21,"column":37}},{"start":{"line":21,"column":41},"end":{"line":21,"column":69}}]},"1":{"loc":{"start":{"line":26,"column":46},"end":{"line":26,"column":66}},"type":"binary-expr","locations":[{"start":{"line":26,"column":46},"end":{"line":26,"column":59}},{"start":{"line":26,"column":63},"end":{"line":26,"column":66}}]},"2":{"loc":{"start":{"line":53,"column":4},"end":{"line":53,"column":75}},"type":"if","locations":[{"start":{"line":53,"column":4},"end":{"line":53,"column":75}},{"start":{},"end":{}}]},"3":{"loc":{"start":{"line":53,"column":8},"end":{"line":53,"column":66}},"type":"binary-expr","locations":[{"start":{"line":53,"column":8},"end":{"line":53,"column":38}},{"start":{"line":53,"column":42},"end":{"line":53,"column":66}}]},"4":{"loc":{"start":{"line":20,"column":54},"end":{"line":20,"column":null}},"type":"cond-expr","locations":[{"start":{"line":20,"column":61},"end":{"line":20,"column":null}},{"start":{"line":20,"column":61},"end":{"line":20,"column":null}}]},"5":{"loc":{"start":{"line":20,"column":54},"end":{"line":20,"column":61}},"type":"binary-expr","locations":[{"start":{"line":20,"column":54},"end":{"line":20,"column":null}},{"start":{"line":20,"column":54},"end":{"line":20,"column":61}}]},"6":{"loc":{"start":{"line":34,"column":6},"end":{"line":34,"column":null}},"type":"cond-expr","locations":[{"start":{"line":34,"column":13},"end":{"line":34,"column":null}},{"start":{"line":34,"column":13},"end":{"line":34,"column":null}}]},"7":{"loc":{"start":{"line":34,"column":6},"end":{"line":34,"column":13}},"type":"binary-expr","locations":[{"start":{"line":34,"column":6},"end":{"line":34,"column":null}},{"start":{"line":34,"column":6},"end":{"line":34,"column":13}}]},"8":{"loc":{"start":{"line":52,"column":6},"end":{"line":52,"column":null}},"type":"cond-expr","locations":[{"start":{"line":52,"column":13},"end":{"line":52,"column":null}},{"start":{"line":52,"column":13},"end":{"line":52,"column":null}}]},"9":{"loc":{"start":{"line":52,"column":6},"end":{"line":52,"column":13}},"type":"binary-expr","locations":[{"start":{"line":52,"column":6},"end":{"line":52,"column":null}},{"start":{"line":52,"column":6},"end":{"line":52,"column":13}}]},"10":{"loc":{"start":{"line":15,"column":31},"end":{"line":15,"column":null}},"type":"cond-expr","locations":[{"start":{"line":15,"column":46},"end":{"line":15,"column":null}},{"start":{"line":15,"column":46},"end":{"line":15,"column":null}}]},"11":{"loc":{"start":{"line":15,"column":31},"end":{"line":15,"column":46}},"type":"binary-expr","locations":[{"start":{"line":15,"column":31},"end":{"line":15,"column":null}},{"start":{"line":15,"column":31},"end":{"line":15,"column":46}}]},"12":{"loc":{"start":{"line":15,"column":46},"end":{"line":16,"column":null}},"type":"cond-expr","locations":[{"start":{"line":16,"column":42},"end":{"line":16,"column":null}},{"start":{"line":16,"column":42},"end":{"line":16,"column":null}}]},"13":{"loc":{"start":{"line":15,"column":46},"end":{"line":16,"column":42}},"type":"binary-expr","locations":[{"start":{"line":15,"column":46},"end":{"line":16,"column":null}},{"start":{"line":16,"column":29},"end":{"line":16,"column":42}}]}},"s":{"0":1,"1":1,"2":1,"3":1,"4":1,"5":3,"6":3,"7":1,"8":1,"9":1,"10":1,"11":1,"12":1,"13":0,"14":1,"15":2,"16":1,"17":1,"18":1,"19":1,"20":1},"f":{"0":3,"1":1,"2":1,"3":1},"b":{"0":[1,0],"1":[1,0],"2":[0,1],"3":[1,1],"4":[1,0],"5":[1,1],"6":[1,0],"7":[1,1],"8":[1,0],"9":[1,1],"10":[1,0],"11":[1,1],"12":[1,0],"13":[1,1]}}
,"/home/tenemakan/Desktop/ai-challenge/backend/src/agents/monitoring/monitoring.agent.ts": {"path":"/home/tenemakan/Desktop/ai-challenge/backend/src/agents/monitoring/monitoring.agent.ts","statementMap":{"0":{"start":{"line":1,"column":0},"end":{"line":1,"column":52}},"1":{"start":{"line":2,"column":0},"end":{"line":2,"column":63}},"2":{"start":{"line":3,"column":0},"end":{"line":3,"column":55}},"3":{"start":{"line":4,"column":0},"end":{"line":4,"column":73}},"4":{"start":{"line":10,"column":24},"end":{"line":10,"column":26}},"5":{"start":{"line":18,"column":28},"end":{"line":52,"column":null}},"6":{"start":{"line":19,"column":28},"end":{"line":19,"column":60}},"7":{"start":{"line":22,"column":21},"end":{"line":22,"column":30}},"8":{"start":{"line":23,"column":21},"end":{"line":23,"column":29}},"9":{"start":{"line":29,"column":20},"end":{"line":31,"column":9}},"10":{"start":{"line":32,"column":17},"end":{"line":32,"column":71}},"11":{"start":{"line":34,"column":4},"end":{"line":41,"column":5}},"12":{"start":{"line":35,"column":6},"end":{"line":40,"column":51}},"13":{"start":{"line":40,"column":22},"end":{"line":40,"column":49}},"14":{"start":{"line":43,"column":38},"end":{"line":49,"column":6}},"15":{"start":{"line":50,"column":4},"end":{"line":50,"column":65}},"16":{"start":{"line":18,"column":13},"end":{"line":18,"column":28}},"17":{"start":{"line":28,"column":8},"end":{"line":51,"column":null}},"18":{"start":{"line":18,"column":13},"end":{"line":52,"column":null}}},"fnMap":{"0":{"name":"(anonymous_2)","decl":{"start":{"line":21,"column":2},"end":{"line":21,"column":null}},"loc":{"start":{"line":23,"column":42},"end":{"line":24,"column":6}}},"1":{"name":"(anonymous_3)","decl":{"start":{"line":28,"column":8},"end":{"line":28,"column":23}},"loc":{"start":{"line":28,"column":51},"end":{"line":51,"column":3}}},"2":{"name":"(anonymous_4)","decl":{"start":{"line":40,"column":15},"end":{"line":40,"column":16}},"loc":{"start":{"line":40,"column":22},"end":{"line":40,"column":49}}}},"branchMap":{"0":{"loc":{"start":{"line":29,"column":20},"end":{"line":31,"column":9}},"type":"cond-expr","locations":[{"start":{"line":30,"column":8},"end":{"line":30,"column":73}},{"start":{"line":31,"column":8},"end":{"line":31,"column":9}}]},"1":{"loc":{"start":{"line":32,"column":17},"end":{"line":32,"column":71}},"type":"binary-expr","locations":[{"start":{"line":32,"column":17},"end":{"line":32,"column":42}},{"start":{"line":32,"column":46},"end":{"line":32,"column":71}}]},"2":{"loc":{"start":{"line":34,"column":4},"end":{"line":41,"column":5}},"type":"if","locations":[{"start":{"line":34,"column":4},"end":{"line":41,"column":5}},{"start":{},"end":{}}]},"3":{"loc":{"start":{"line":28,"column":54},"end":{"line":28,"column":null}},"type":"cond-expr","locations":[{"start":{"line":28,"column":61},"end":{"line":28,"column":null}},{"start":{"line":28,"column":61},"end":{"line":28,"column":null}}]},"4":{"loc":{"start":{"line":28,"column":54},"end":{"line":28,"column":61}},"type":"binary-expr","locations":[{"start":{"line":28,"column":54},"end":{"line":28,"column":null}},{"start":{"line":28,"column":54},"end":{"line":28,"column":61}}]},"5":{"loc":{"start":{"line":22,"column":30},"end":{"line":22,"column":null}},"type":"cond-expr","locations":[{"start":{"line":22,"column":43},"end":{"line":22,"column":null}},{"start":{"line":22,"column":43},"end":{"line":22,"column":null}}]},"6":{"loc":{"start":{"line":22,"column":30},"end":{"line":22,"column":43}},"type":"binary-expr","locations":[{"start":{"line":22,"column":30},"end":{"line":22,"column":null}},{"start":{"line":22,"column":30},"end":{"line":22,"column":43}}]},"7":{"loc":{"start":{"line":22,"column":43},"end":{"line":23,"column":null}},"type":"cond-expr","locations":[{"start":{"line":23,"column":42},"end":{"line":23,"column":null}},{"start":{"line":23,"column":42},"end":{"line":23,"column":null}}]},"8":{"loc":{"start":{"line":22,"column":43},"end":{"line":23,"column":42}},"type":"binary-expr","locations":[{"start":{"line":22,"column":43},"end":{"line":23,"column":null}},{"start":{"line":23,"column":29},"end":{"line":23,"column":42}}]}},"s":{"0":1,"1":1,"2":1,"3":1,"4":1,"5":1,"6":2,"7":2,"8":2,"9":2,"10":2,"11":2,"12":1,"13":0,"14":2,"15":2,"16":1,"17":1,"18":1},"f":{"0":2,"1":2,"2":0},"b":{"0":[2,0],"1":[2,2],"2":[1,1],"3":[1,0],"4":[1,1],"5":[1,0],"6":[1,1],"7":[1,0],"8":[1,1]}}
,"/home/tenemakan/Desktop/ai-challenge/backend/src/agents/notification/notification.agent.ts": {"path":"/home/tenemakan/Desktop/ai-challenge/backend/src/agents/notification/notification.agent.ts","statementMap":{"0":{"start":{"line":1,"column":0},"end":{"line":1,"column":52}},"1":{"start":{"line":2,"column":0},"end":{"line":2,"column":48}},"2":{"start":{"line":3,"column":0},"end":{"line":3,"column":55}},"3":{"start":{"line":4,"column":0},"end":{"line":4,"column":73}},"4":{"start":{"line":6,"column":0},"end":{"line":6,"column":60}},"5":{"start":{"line":7,"column":0},"end":{"line":7,"column":74}},"6":{"start":{"line":15,"column":30},"end":{"line":98,"column":null}},"7":{"start":{"line":16,"column":28},"end":{"line":16,"column":62}},"8":{"start":{"line":19,"column":21},"end":{"line":19,"column":30}},"9":{"start":{"line":20,"column":21},"end":{"line":20,"column":29}},"10":{"start":{"line":25,"column":4},"end":{"line":31,"column":5}},"11":{"start":{"line":26,"column":6},"end":{"line":30,"column":8}},"12":{"start":{"line":36,"column":4},"end":{"line":40,"column":6}},"13":{"start":{"line":49,"column":4},"end":{"line":55,"column":5}},"14":{"start":{"line":50,"column":6},"end":{"line":54,"column":8}},"15":{"start":{"line":64,"column":4},"end":{"line":64,"column":34}},"16":{"start":{"line":64,"column":27},"end":{"line":64,"column":34}},"17":{"start":{"line":65,"column":4},"end":{"line":69,"column":6}},"18":{"start":{"line":78,"column":21},"end":{"line":80,"column":6}},"19":{"start":{"line":81,"column":4},"end":{"line":81,"column":25}},"20":{"start":{"line":81,"column":18},"end":{"line":81,"column":25}},"21":{"start":{"line":82,"column":4},"end":{"line":82,"column":45}},"22":{"start":{"line":90,"column":4},"end":{"line":96,"column":5}},"23":{"start":{"line":91,"column":6},"end":{"line":91,"column":73}},"24":{"start":{"line":93,"column":6},"end":{"line":95,"column":8}},"25":{"start":{"line":15,"column":13},"end":{"line":15,"column":30}},"26":{"start":{"line":24,"column":8},"end":{"line":32,"column":null}},"27":{"start":{"line":35,"column":8},"end":{"line":41,"column":null}},"28":{"start":{"line":44,"column":8},"end":{"line":56,"column":null}},"29":{"start":{"line":59,"column":8},"end":{"line":70,"column":null}},"30":{"start":{"line":15,"column":13},"end":{"line":98,"column":null}}},"fnMap":{"0":{"name":"(anonymous_2)","decl":{"start":{"line":18,"column":2},"end":{"line":18,"column":null}},"loc":{"start":{"line":20,"column":42},"end":{"line":21,"column":6}}},"1":{"name":"(anonymous_3)","decl":{"start":{"line":24,"column":8},"end":{"line":24,"column":18}},"loc":{"start":{"line":24,"column":44},"end":{"line":32,"column":3}}},"2":{"name":"(anonymous_4)","decl":{"start":{"line":35,"column":8},"end":{"line":35,"column":19}},"loc":{"start":{"line":35,"column":47},"end":{"line":41,"column":3}}},"3":{"name":"(anonymous_5)","decl":{"start":{"line":44,"column":8},"end":{"line":44,"column":22}},"loc":{"start":{"line":48,"column":3},"end":{"line":56,"column":3}}},"4":{"name":"(anonymous_6)","decl":{"start":{"line":59,"column":8},"end":{"line":59,"column":28}},"loc":{"start":{"line":62,"column":3},"end":{"line":70,"column":3}}},"5":{"name":"(anonymous_7)","decl":{"start":{"line":73,"column":10},"end":{"line":73,"column":15}},"loc":{"start":{"line":76,"column":19},"end":{"line":83,"column":3}}},"6":{"name":"(anonymous_8)","decl":{"start":{"line":85,"column":10},"end":{"line":85,"column":15}},"loc":{"start":{"line":88,"column":19},"end":{"line":97,"column":3}}}},"branchMap":{"0":{"loc":{"start":{"line":25,"column":4},"end":{"line":31,"column":5}},"type":"if","locations":[{"start":{"line":25,"column":4},"end":{"line":31,"column":5}},{"start":{},"end":{}}]},"1":{"loc":{"start":{"line":49,"column":4},"end":{"line":55,"column":5}},"type":"if","locations":[{"start":{"line":49,"column":4},"end":{"line":55,"column":5}},{"start":{},"end":{}}]},"2":{"loc":{"start":{"line":49,"column":8},"end":{"line":49,"column":65}},"type":"binary-expr","locations":[{"start":{"line":49,"column":8},"end":{"line":49,"column":38}},{"start":{"line":49,"column":42},"end":{"line":49,"column":65}}]},"3":{"loc":{"start":{"line":64,"column":4},"end":{"line":64,"column":34}},"type":"if","locations":[{"start":{"line":64,"column":4},"end":{"line":64,"column":34}},{"start":{},"end":{}}]},"4":{"loc":{"start":{"line":81,"column":4},"end":{"line":81,"column":25}},"type":"if","locations":[{"start":{"line":81,"column":4},"end":{"line":81,"column":25}},{"start":{},"end":{}}]},"5":{"loc":{"start":{"line":24,"column":27},"end":{"line":24,"column":47}},"type":"cond-expr","locations":[{"start":{"line":24,"column":44},"end":{"line":24,"column":47}},{"start":{"line":24,"column":44},"end":{"line":24,"column":47}}]},"6":{"loc":{"start":{"line":24,"column":27},"end":{"line":24,"column":44}},"type":"binary-expr","locations":[{"start":{"line":24,"column":27},"end":{"line":24,"column":47}},{"start":{"line":24,"column":27},"end":{"line":24,"column":44}}]},"7":{"loc":{"start":{"line":24,"column":47},"end":{"line":24,"column":null}},"type":"cond-expr","locations":[{"start":{"line":24,"column":54},"end":{"line":24,"column":null}},{"start":{"line":24,"column":54},"end":{"line":24,"column":null}}]},"8":{"loc":{"start":{"line":24,"column":47},"end":{"line":24,"column":54}},"type":"binary-expr","locations":[{"start":{"line":24,"column":47},"end":{"line":24,"column":null}},{"start":{"line":24,"column":47},"end":{"line":24,"column":54}}]},"9":{"loc":{"start":{"line":35,"column":50},"end":{"line":35,"column":null}},"type":"cond-expr","locations":[{"start":{"line":35,"column":57},"end":{"line":35,"column":null}},{"start":{"line":35,"column":57},"end":{"line":35,"column":null}}]},"10":{"loc":{"start":{"line":35,"column":50},"end":{"line":35,"column":57}},"type":"binary-expr","locations":[{"start":{"line":35,"column":50},"end":{"line":35,"column":null}},{"start":{"line":35,"column":50},"end":{"line":35,"column":57}}]},"11":{"loc":{"start":{"line":48,"column":6},"end":{"line":48,"column":null}},"type":"cond-expr","locations":[{"start":{"line":48,"column":13},"end":{"line":48,"column":null}},{"start":{"line":48,"column":13},"end":{"line":48,"column":null}}]},"12":{"loc":{"start":{"line":48,"column":6},"end":{"line":48,"column":13}},"type":"binary-expr","locations":[{"start":{"line":48,"column":6},"end":{"line":48,"column":null}},{"start":{"line":48,"column":6},"end":{"line":48,"column":13}}]},"13":{"loc":{"start":{"line":62,"column":6},"end":{"line":62,"column":null}},"type":"cond-expr","locations":[{"start":{"line":62,"column":13},"end":{"line":62,"column":null}},{"start":{"line":62,"column":13},"end":{"line":62,"column":null}}]},"14":{"loc":{"start":{"line":62,"column":6},"end":{"line":62,"column":13}},"type":"binary-expr","locations":[{"start":{"line":62,"column":6},"end":{"line":62,"column":null}},{"start":{"line":62,"column":6},"end":{"line":62,"column":13}}]},"15":{"loc":{"start":{"line":19,"column":30},"end":{"line":19,"column":null}},"type":"cond-expr","locations":[{"start":{"line":19,"column":43},"end":{"line":19,"column":null}},{"start":{"line":19,"column":43},"end":{"line":19,"column":null}}]},"16":{"loc":{"start":{"line":19,"column":30},"end":{"line":19,"column":43}},"type":"binary-expr","locations":[{"start":{"line":19,"column":30},"end":{"line":19,"column":null}},{"start":{"line":19,"column":30},"end":{"line":19,"column":43}}]},"17":{"loc":{"start":{"line":19,"column":43},"end":{"line":20,"column":null}},"type":"cond-expr","locations":[{"start":{"line":20,"column":42},"end":{"line":20,"column":null}},{"start":{"line":20,"column":42},"end":{"line":20,"column":null}}]},"18":{"loc":{"start":{"line":19,"column":43},"end":{"line":20,"column":42}},"type":"binary-expr","locations":[{"start":{"line":19,"column":43},"end":{"line":20,"column":null}},{"start":{"line":20,"column":29},"end":{"line":20,"column":42}}]}},"s":{"0":1,"1":1,"2":1,"3":1,"4":1,"5":1,"6":1,"7":3,"8":3,"9":3,"10":2,"11":2,"12":0,"13":0,"14":0,"15":1,"16":0,"17":1,"18":2,"19":2,"20":1,"21":1,"22":2,"23":2,"24":0,"25":1,"26":1,"27":1,"28":1,"29":1,"30":1},"f":{"0":3,"1":2,"2":0,"3":0,"4":1,"5":2,"6":2},"b":{"0":[2,0],"1":[0,0],"2":[0,0],"3":[0,1],"4":[1,1],"5":[1,0],"6":[1,1],"7":[1,0],"8":[1,1],"9":[1,0],"10":[1,1],"11":[1,0],"12":[1,1],"13":[1,0],"14":[1,1],"15":[1,0],"16":[1,1],"17":[1,0],"18":[1,1]}}
[...]
:35,"column":6}},"13":{"start":{"line":39,"column":4},"end":{"line":39,"column":33}},"14":{"start":{"line":43,"column":18},"end":{"line":43,"column":39}},"15":{"start":{"line":44,"column":4},"end":{"line":44,"column":65}},"16":{"start":{"line":44,"column":16},"end":{"line":44,"column":65}},"17":{"start":{"line":45,"column":4},"end":{"line":45,"column":17}},"18":{"start":{"line":49,"column":4},"end":{"line":49,"column":35}},"19":{"start":{"line":13,"column":13},"end":{"line":13,"column":26}},"20":{"start":{"line":13,"column":13},"end":{"line":51,"column":null}}},"fnMap":{"0":{"name":"(anonymous_2)","decl":{"start":{"line":18,"column":2},"end":{"line":18,"column":31}},"loc":{"start":{"line":18,"column":58},"end":{"line":18,"column":62}}},"1":{"name":"(anonymous_3)","decl":{"start":{"line":20,"column":2},"end":{"line":20,"column":14}},"loc":{"start":{"line":20,"column":14},"end":{"line":36,"column":3}}},"2":{"name":"(anonymous_4)","decl":{"start":{"line":38,"column":2},"end":{"line":38,"column":5}},"loc":{"start":{"line":38,"column":21},"end":{"line":40,"column":3}}},"3":{"name":"(anonymous_5)","decl":{"start":{"line":42,"column":2},"end":{"line":42,"column":5}},"loc":{"start":{"line":42,"column":21},"end":{"line":46,"column":3}}},"4":{"name":"(anonymous_6)","decl":{"start":{"line":48,"column":2},"end":{"line":48,"column":6}},"loc":{"start":{"line":48,"column":6},"end":{"line":50,"column":3}}}},"branchMap":{"0":{"loc":{"start":{"line":23,"column":6},"end":{"line":31,"column":7}},"type":"if","locations":[{"start":{"line":23,"column":6},"end":{"line":31,"column":7}},{"start":{},"end":{}}]},"1":{"loc":{"start":{"line":24,"column":8},"end":{"line":28,"column":42}},"type":"binary-expr","locations":[{"start":{"line":24,"column":8},"end":{"line":24,"column":16}},{"start":{"line":25,"column":8},"end":{"line":25,"column":36}},{"start":{"line":26,"column":8},"end":{"line":26,"column":46}},{"start":{"line":27,"column":8},"end":{"line":27,"column":41}},{"start":{"line":28,"column":8},"end":{"line":28,"column":42}}]},"2":{"loc":{"start":{"line":44,"column":4},"end":{"line":44,"column":65}},"type":"if","locations":[{"start":{"line":44,"column":4},"end":{"line":44,"column":65}},{"start":{},"end":{}}]},"3":{"loc":{"start":{"line":18,"column":42},"end":{"line":18,"column":61}},"type":"cond-expr","locations":[{"start":{"line":18,"column":58},"end":{"line":18,"column":61}},{"start":{"line":18,"column":58},"end":{"line":18,"column":61}}]},"4":{"loc":{"start":{"line":18,"column":42},"end":{"line":18,"column":58}},"type":"binary-expr","locations":[{"start":{"line":18,"column":42},"end":{"line":18,"column":61}},{"start":{"line":18,"column":42},"end":{"line":18,"column":58}}]}},"s":{"0":2,"1":2,"2":2,"3":2,"4":0,"5":0,"6":0,"7":0,"8":0,"9":0,"10":0,"11":0,"12":0,"13":0,"14":0,"15":0,"16":0,"17":0,"18":0,"19":2,"20":2},"f":{"0":0,"1":0,"2":0,"3":0,"4":0},"b":{"0":[0,0],"1":[0,0,0,0,0],"2":[0,0],"3":[2,0],"4":[2,2]}}
,"/home/tenemakan/Desktop/ai-challenge/backend/src/orchestration/execution-plan.ts": {"path":"/home/tenemakan/Desktop/ai-challenge/backend/src/orchestration/execution-plan.ts","statementMap":{"0":{"start":{"line":9,"column":26},"end":{"line":9,"column":46}},"1":{"start":{"line":12,"column":4},"end":{"line":12,"column":30}},"2":{"start":{"line":16,"column":4},"end":{"line":16,"column":30}},"3":{"start":{"line":20,"column":4},"end":{"line":20,"column":25}},"4":{"start":{"line":33,"column":18},"end":{"line":33,"column":64}},"5":{"start":{"line":34,"column":4},"end":{"line":42,"column":5}},"6":{"start":{"line":35,"column":6},"end":{"line":35,"column":43}},"7":{"start":{"line":35,"column":34},"end":{"line":35,"column":43}},"8":{"start":{"line":36,"column":6},"end":{"line":39,"column":7}},"9":{"start":{"line":37,"column":8},"end":{"line":37,"column":42}},"10":{"start":{"line":37,"column":33},"end":{"line":37,"column":42}},"11":{"start":{"line":38,"column":8},"end":{"line":38,"column":28}},"12":{"start":{"line":40,"column":6},"end":{"line":41,"column":30}},"13":{"start":{"line":40,"column":25},"end":{"line":40,"column":47}},"14":{"start":{"line":41,"column":11},"end":{"line":41,"column":30}},"15":{"start":{"line":46,"column":4},"end":{"line":46,"column":27}},"16":{"start":{"line":7,"column":0},"end":{"line":7,"column":13}}},"fnMap":{"0":{"name":"(anonymous_0)","decl":{"start":{"line":11,"column":2},"end":{"line":11,"column":14}},"loc":{"start":{"line":11,"column":34},"end":{"line":13,"column":3}}},"1":{"name":"(anonymous_1)","decl":{"start":{"line":15,"column":2},"end":{"line":15,"column":6}},"loc":{"start":{"line":15,"column":6},"end":{"line":17,"column":3}}},"2":{"name":"(anonymous_2)","decl":{"start":{"line":19,"column":2},"end":{"line":19,"column":10}},"loc":{"start":{"line":19,"column":27},"end":{"line":21,"column":3}}},"3":{"name":"(anonymous_3)","decl":{"start":{"line":29,"column":2},"end":{"line":29,"column":9}},"loc":{"start":{"line":31,"column":59},"end":{"line":43,"column":3}}},"4":{"name":"(anonymous_4)","decl":{"start":{"line":45,"column":2},"end":{"line":45,"column":6}},"loc":{"start":{"line":45,"column":13},"end":{"line":47,"column":3}}}},"branchMap":{"0":{"loc":{"start":{"line":31,"column":4},"end":{"line":31,"column":59}},"type":"default-arg","locations":[{"start":{"line":31,"column":57},"end":{"line":31,"column":59}}]},"1":{"loc":{"start":{"line":33,"column":18},"end":{"line":33,"column":64}},"type":"cond-expr","locations":[{"start":{"line":33,"column":34},"end":{"line":33,"column":55}},{"start":{"line":33,"column":58},"end":{"line":33,"column":64}}]},"2":{"loc":{"start":{"line":35,"column":6},"end":{"line":35,"column":43}},"type":"if","locations":[{"start":{"line":35,"column":6},"end":{"line":35,"column":43}},{"start":{},"end":{}}]},"3":{"loc":{"start":{"line":36,"column":6},"end":{"line":39,"column":7}},"type":"if","locations":[{"start":{"line":36,"column":6},"end":{"line":39,"column":7}},{"start":{},"end":{}}]},"4":{"loc":{"start":{"line":37,"column":8},"end":{"line":37,"column":42}},"type":"if","locations":[{"start":{"line":37,"column":8},"end":{"line":37,"column":42}},{"start":{},"end":{}}]},"5":{"loc":{"start":{"line":40,"column":6},"end":{"line":41,"column":30}},"type":"if","locations":[{"start":{"line":40,"column":6},"end":{"line":41,"column":30}},{"start":{"line":41,"column":11},"end":{"line":41,"column":30}}]}},"s":{"0":11,"1":11,"2":73,"3":51,"4":5,"5":5,"6":5,"7":1,"8":4,"9":2,"10":1,"11":1,"12":3,"13":2,"14":1,"15":1,"16":3},"f":{"0":11,"1":73,"2":51,"3":5,"4":1},"b":{"0":[2],"1":[2,3],"2":[1,4],"3":[2,2],"4":[1,1],"5":[2,1]}}
,"/home/tenemakan/Desktop/ai-challenge/backend/src/orchestration/orchestration.module.ts": {"path":"/home/tenemakan/Desktop/ai-challenge/backend/src/orchestration/orchestration.module.ts","statementMap":{"0":{"start":{"line":1,"column":0},"end":{"line":1,"column":40}},"1":{"start":{"line":2,"column":0},"end":{"line":2,"column":47}},"2":{"start":{"line":3,"column":0},"end":{"line":3,"column":56}},"3":{"start":{"line":4,"column":0},"end":{"line":4,"column":49}},"4":{"start":{"line":5,"column":0},"end":{"line":5,"column":53}},"5":{"start":{"line":6,"column":0},"end":{"line":6,"column":61}},"6":{"start":{"line":18,"column":7},"end":{"line":18,"column":null}},"7":{"start":{"line":18,"column":13},"end":{"line":18,"column":32}},"8":{"start":{"line":18,"column":13},"end":{"line":18,"column":null}}},"fnMap":{},"branchMap":{},"s":{"0":0,"1":0,"2":0,"3":0,"4":0,"5":0,"6":0,"7":0,"8":0},"f":{},"b":{}}
,"/home/tenemakan/Desktop/ai-challenge/backend/src/orchestration/orchestrator.service.ts": {"path":"/home/tenemakan/Desktop/ai-challenge/backend/src/orchestration/orchestrator.service.ts","statementMap":{"0":{"start":{"line":1,"column":0},"end":{"line":1,"column":52}},"1":{"start":{"line":2,"column":0},"end":{"line":2,"column":58}},"2":{"start":{"line":5,"column":0},"end":{"line":5,"column":51}},"3":{"start":{"line":7,"column":0},"end":{"line":7,"column":57}},"4":{"start":{"line":8,"column":0},"end":{"line":8,"column":70}},"5":{"start":{"line":9,"column":0},"end":{"line":9,"column":49}},"6":{"start":{"line":10,"column":0},"end":{"line":10,"column":53}},"7":{"start":{"line":13,"column":23},"end":{"line":13,"column":25}},"8":{"start":{"line":30,"column":32},"end":{"line":171,"column":null}},"9":{"start":{"line":31,"column":28},"end":{"line":31,"column":64}},"10":{"start":{"line":34,"column":21},"end":{"line":34,"column":31}},"11":{"start":{"line":35,"column":21},"end":{"line":35,"column":31}},"12":{"start":{"line":36,"column":21},"end":{"line":36,"column":30}},"13":{"start":{"line":37,"column":21},"end":{"line":37,"column":29}},"14":{"start":{"line":46,"column":4},"end":{"line":46,"column":54}},"15":{"start":{"line":49,"column":4},"end":{"line":49,"column":48}},"16":{"start":{"line":52,"column":17},"end":{"line":52,"column":48}},"17":{"start":{"line":54,"column":16},"end":{"line":54,"column":17}},"18":{"start":{"line":55,"column":4},"end":{"line":74,"column":5}},"19":{"start":{"line":56,"column":6},"end":{"line":61,"column":7}},"20":{"start":{"line":57,"column":8},"end":{"line":59,"column":10}},"21":{"start":{"line":60,"column":8},"end":{"line":60,"column":14}},"22":{"start":{"line":62,"column":6},"end":{"line":65,"column":7}},"23":{"start":{"line":63,"column":8},"end":{"line":63,"column":69}},"24":{"start":{"line":64,"column":8},"end":{"line":64,"column":17}},"25":{"start":{"line":66,"column":21},"end":{"line":66,"column":58}},"26":{"start":{"line":67,"column":6},"end":{"line":67,"column":33}},"27":{"start":{"line":68,"column":6},"end":{"line":68,"column":26}},"28":{"start":{"line":71,"column":6},"end":{"line":73,"column":7}},"29":{"start":{"line":72,"column":8},"end":{"line":72,"column":74}},"30":{"start":{"line":82,"column":4},"end":{"line":84,"column":5}},"31":{"start":{"line":83,"column":6},"end":{"line":83,"column":35}},"32":{"start":{"line":85,"column":16},"end":{"line":85,"column":73}},"33":{"start":{"line":86,"column":4},"end":{"line":86,"column":48}},"34":{"start":{"line":87,"column":4},"end":{"line":89,"column":35}},"35":{"start":{"line":93,"column":4},"end":{"line":101,"column":6}},"36":{"start":{"line":106,"column":4},"end":{"line":106,"column":42}},"37":{"start":{"line":106,"column":22},"end":{"line":106,"column":42}},"38":{"start":{"line":108,"column":21},"end":{"line":108,"column":78}},"39":{"start":{"line":109,"column":4},"end":{"line":109,"column":37}},"40":{"start":{"line":109,"column":18},"end":{"line":109,"column":37}},"41":{"start":{"line":111,"column":19},"end":{"line":111,"column":30}},"42":{"start":{"line":112,"column":18},"end":{"line":114,"column":53}},"43":{"start":{"line":116,"column":19},"end":{"line":122,"column":6}},"44":{"start":{"line":123,"column":4},"end":{"line":123,"column":21}},"45":{"start":{"line":127,"column":14},"end":{"line":127,"column":47}},"46":{"start":{"line":128,"column":4},"end":{"line":128,"column":50}},"47":{"start":{"line":137,"column":18},"end":{"line":137,"column":41}},"48":{"start":{"line":138,"column":19},"end":{"line":138,"column":43}},"49":{"start":{"line":139,"column":4},"end":{"line":139,"column":35}},"50":{"start":{"line":140,"column":4},"end":{"line":140,"column":54}},"51":{"start":{"line":141,"column":4},"end":{"line":141,"column":18}},"52":{"start":{"line":145,"column":4},"end":{"line":159,"column":5}},"53":{"start":{"line":146,"column":6},"end":{"line":156,"column":9}},"54":{"start":{"line":158,"column":6},"end":{"line":158,"column":77}},"55":{"start":{"line":164,"column":4},"end":{"line":169,"column":5}},"56":{"start":{"line":165,"column":19},"end":{"line":165,"column":47}},"57":{"start":{"line":166,"column":6},"end":{"line":166,"column":89}},"58":{"start":{"line":168,"column":6},"end":{"line":168,"column":18}},"59":{"start":{"line":30,"column":13},"end":{"line":30,"column":32}},"60":{"start":{"line":30,"column":13},"end":{"line":171,"column":null}}},"fnMap":{"0":{"name":"(anonymous_2)","decl":{"start":{"line":33,"column":2},"end":{"line":33,"column":null}},"loc":{"start":{"line":37,"column":42},"end":{"line":38,"column":6}}},"1":{"name":"(anonymous_3)","decl":{"start":{"line":44,"column":2},"end":{"line":44,"column":7}},"loc":{"start":{"line":44,"column":57},"end":{"line":75,"column":3}}},"2":{"name":"(anonymous_4)","decl":{"start":{"line":78,"column":10},"end":{"line":78,"column":15}},"loc":{"start":{"line":80,"column":30},"end":{"line":90,"column":3}}},"3":{"name":"(anonymous_5)","decl":{"start":{"line":92,"column":10},"end":{"line":92,"column":24}},"loc":{"start":{"line":92,"column":24},"end":{"line":102,"column":3}}},"4":{"name":"(anonymous_6)","decl":{"start":{"line":105,"column":10},"end":{"line":105,"column":15}},"loc":{"start":{"line":105,"column":46},"end":{"line":124,"column":3}}},"5":{"name":"(anonymous_7)","decl":{"start":{"line":126,"column":10},"end":{"line":126,"column":18}},"loc":{"start":{"line":126,"column":31},"end":{"line":129,"column":3}}},"6":{"name":"(anonymous_8)","decl":{"start":{"line":132,"column":10},"end":{"line":132,"column":15}},"loc":{"start":{"line":135,"column":30},"end":{"line":142,"column":3}}},"7":{"name":"(anonymous_9)","decl":{"start":{"line":144,"column":10},"end":{"line":144,"column":15}},"loc":{"start":{"line":144,"column":61},"end":{"line":160,"column":3}}},"8":{"name":"(anonymous_10)","decl":{"start":{"line":163,"column":10},"end":{"line":163,"column":18}},"loc":{"start":{"line":163,"column":32},"end":{"line":170,"column":3}}}},"branchMap":{"0":{"loc":{"start":{"line":56,"column":6},"end":{"line":61,"column":7}},"type":"if","locations":[{"start":{"line":56,"column":6},"end":{"line":61,"column":7}},{"start":{},"end":{}}]},"1":{"loc":{"start":{"line":62,"column":6},"end":{"line":65,"column":7}},"type":"if","locations":[{"start":{"line":62,"column":6},"end":{"line":65,"column":7}},{"start":{},"end":{}}]},"2":{"loc":{"start":{"line":71,"column":6},"end":{"line":73,"column":7}},"type":"if","locations":[{"start":{"line":71,"column":6},"end":{"line":73,"column":7}},{"start":{},"end":{}}]},"3":{"loc":{"start":{"line":82,"column":4},"end":{"line":84,"column":5}},"type":"if","locations":[{"start":{"line":82,"column":4},"end":{"line":84,"column":5}},{"start":{},"end":{}}]},"4":{"loc":{"start":{"line":87,"column":11},"end":{"line":89,"column":34}},"type":"cond-expr","locations":[{"start":{"line":88,"column":8},"end":{"line":88,"column":29}},{"start":{"line":89,"column":9},"end":{"line":89,"column":34}}]},"5":{"loc":{"start":{"line":106,"column":4},"end":{"line":106,"column":42}},"type":"if","locations":[{"start":{"line":106,"column":4},"end":{"line":106,"column":42}},{"start":{},"end":{}}]},"6":{"loc":{"start":{"line":109,"column":4},"end":{"line":109,"column":37}},"type":"if","locations":[{"start":{"line":109,"column":4},"end":{"line":109,"column":37}},{"start":{},"end":{}}]},"7":{"loc":{"start":{"line":112,"column":18},"end":{"line":114,"column":53}},"type":"cond-expr","locations":[{"start":{"line":113,"column":8},"end":{"line":113,"column":39}},{"start":{"line":114,"column":8},"end":{"line":114,"column":53}}]},"8":{"loc":{"start":{"line":149,"column":20},"end":{"line":149,"column":40}},"type":"binary-expr","locations":[{"start":{"line":149,"column":20},"end":{"line":149,"column":32}},{"start":{"line":149,"column":36},"end":{"line":149,"column":40}}]},"9":{"loc":{"start":{"line":152,"column":22},"end":{"line":152,"column":47}},"type":"binary-expr","locations":[{"start":{"line":152,"column":22},"end":{"line":152,"column":39}},{"start":{"line":152,"column":43},"end":{"line":152,"column":47}}]},"10":{"loc":{"start":{"line":153,"column":22},"end":{"line":153,"column":47}},"type":"binary-expr","locations":[{"start":{"line":153,"column":22},"end":{"line":153,"column":39}},{"start":{"line":153,"column":43},"end":{"line":153,"column":47}}]},"11":{"loc":{"start":{"line":165,"column":34},"end":{"line":165,"column":46}},"type":"binary-expr","locations":[{"start":{"line":165,"column":34},"end":{"line":165,"column":38}},{"start":{"line":165,"column":42},"end":{"line":165,"column":46}}]},"12":{"loc":{"start":{"line":166,"column":13},"end":{"line":166,"column":88}},"type":"cond-expr","locations":[{"start":{"line":166,"column":34},"end":{"line":166,"column":69}},{"start":{"line":166,"column":72},"end":{"line":166,"column":88}}]},"13":{"loc":{"start":{"line":34,"column":31},"end":{"line":34,"column":null}},"type":"cond-expr","locations":[{"start":{"line":34,"column":44},"end":{"line":34,"column":null}},{"start":{"line":34,"column":44},"end":{"line":34,"column":null}}]},"14":{"loc":{"start":{"line":34,"column":31},"end":{"line":34,"column":44}},"type":"binary-expr","locations":[{"start":{"line":34,"column":31},"end":{"line":34,"column":null}},{"start":{"line":34,"column":31},"end":{"line":34,"column":44}}]},"15":{"loc":{"start":{"line":34,"column":44},"end":{"line":35,"column":null}},"type":"cond-expr","locations":[{"start":{"line":35,"column":46},"end":{"line":35,"column":null}},{"start":{"line":35,"column":46},"end":{"line":35,"column":null}}]},"16":{"loc":{"start":{"line":34,"column":44},"end":{"line":35,"column":46}},"type":"binary-expr","locations":[{"start":{"line":34,"column":44},"end":{"line":35,"column":null}},{"start":{"line":35,"column":31},"end":{"line":35,"column":46}}]},"17":{"loc":{"start":{"line":35,"column":46},"end":{"line":36,"column":null}},"type":"cond-expr","locations":[{"start":{"line":36,"column":43},"end":{"line":36,"column":null}},{"start":{"line":36,"column":43},"end":{"line":36,"column":null}}]},"18":{"loc":{"start":{"line":35,"column":46},"end":{"line":36,"column":43}},"type":"binary-expr","locations":[{"start":{"line":35,"column":46},"end":{"line":36,"column":null}},{"start":{"line":36,"column":30},"end":{"line":36,"column":43}}]},"19":{"loc":{"start":{"line":36,"column":43},"end":{"line":37,"column":null}},"type":"cond-expr","locations":[{"start":{"line":37,"column":42},"end":{"line":37,"column":null}},{"start":{"line":37,"column":42},"end":{"line":37,"column":null}}]},"20":{"loc":{"start":{"line":36,"column":43},"end":{"line":37,"column":42}},"type":"binary-expr","locations":[{"start":{"line":36,"column":43},"end":{"line":37,"column":null}},{"start":{"line":37,"column":29},"end":{"line":37,"column":42}}]}},"s":{"0":2,"1":2,"2":2,"3":2,"4":2,"5":2,"6":2,"7":2,"8":2,"9":7,"10":7,"11":7,"12":7,"13":7,"14":7,"15":7,"16":7,"17":7,"18":7,"19":57,"20":0,"21":0,"22":57,"23":7,"24":7,"25":50,"26":50,"27":50,"28":50,"29":1,"30":7,"31":0,"32":7,"33":7,"34":7,"35":0,"36":7,"37":0,"38":7,"39":7,"40":1,"41":6,"42":6,"43":6,"44":6,"45":6,"46":6,"47":57,"48":57,"49":57,"50":57,"51":57,"52":57,"53":57,"54":0,"55":57,"56":57,"57":57,"58":0,"59":2,"60":2},"f":{"0":7,"1":7,"2":7,"3":0,"4":7,"5":6,"6":57,"7":57,"8":57},"b":{"0":[0,57],"1":[7,50],"2":[1,49],"3":[0,7],"4":[0,7],"5":[0,7],"6":[1,6],"7":[6,0],"8":[57,7],"9":[57,0],"10":[57,57],"11":[57,0],"12":[0,57],"13":[2,0],"14":[2,2],"15":[2,0],"16":[2,2],"17":[2,0],"18":[2,2],"19":[2,0],"20":[2,2]}}
,"/home/tenemakan/Desktop/ai-challenge/backend/src/orchestration/workflow.factory.ts": {"path":"/home/tenemakan/Desktop/ai-challenge/backend/src/orchestration/workflow.factory.ts","statementMap":{"0":{"start":{"line":1,"column":0},"end":{"line":1,"column":44}},"1":{"start":{"line":2,"column":0},"end":{"line":2,"column":58}},"2":{"start":{"line":4,"column":0},"end":{"line":4,"column":49}},"3":{"start":{"line":12,"column":7},"end":{"line":31,"column":null}},"4":{"start":{"line":14,"column":47},"end":{"line":23,"column":4}},"5":{"start":{"line":28,"column":4},"end":{"line":28,"column":16}},"6":{"start":{"line":29,"column":4},"end":{"line":29,"column":53}},"7":{"start":{"line":12,"column":13},"end":{"line":12,"column":28}},"8":{"start":{"line":12,"column":13},"end":{"line":31,"column":null}}},"fnMap":{"0":{"name":"(anonymous_1)","decl":{"start":{"line":25,"column":2},"end":{"line":25,"column":7}},"loc":{"start":{"line":25,"column":28},"end":{"line":30,"column":3}}}},"branchMap":{},"s":{"0":2,"1":2,"2":2,"3":2,"4":7,"5":7,"6":7,"7":2,"8":2},"f":{"0":7},"b":{}}
}
