TN:
SF:src/agents/checklist/checklist.agent.ts
FN:37,(anonymous_4)
FN:44,(anonymous_5)
FN:57,(anonymous_6)
FN:78,(anonymous_7)
FN:89,(anonymous_8)
FNF:5
FNH:5
FNDA:2,(anonymous_4)
FNDA:2,(anonymous_5)
FNDA:2,(anonymous_6)
FNDA:1,(anonymous_7)
FNDA:2,(anonymous_8)
DA:1,1
DA:2,1
DA:5,1
DA:6,1
DA:10,1
DA:12,1
DA:21,1
DA:25,2
DA:27,2
DA:38,2
DA:39,2
DA:41,2
DA:45,2
DA:56,2
DA:57,2
DA:65,2
DA:67,2
DA:68,1
DA:71,2
DA:83,1
DA:89,2
LF:21
LH:21
BRDA:51,0,0,2
BRDA:51,0,1,2
BRDA:56,1,0,2
BRDA:56,1,1,0
BRDA:58,2,0,2
BRDA:58,2,1,0
BRDA:61,3,0,2
BRDA:61,3,1,0
BRDA:65,4,0,1
BRDA:65,4,1,1
BRDA:67,5,0,1
BRDA:67,5,1,1
BRDA:67,6,0,2
BRDA:67,6,1,1
BRDA:73,7,0,1
BRDA:73,7,1,1
BRDA:74,8,0,1
BRDA:74,8,1,1
BRDA:39,9,0,1
BRDA:39,9,1,0
BRDA:39,10,0,1
BRDA:39,10,1,1
BRF:22
BRH:18
end_of_record
TN:
SF:src/agents/conversation/conversation.agent.ts
FN:31,(anonymous_4)
FN:37,(anonymous_5)
FN:65,(anonymous_6)
FN:77,(anonymous_7)
FN:105,(anonymous_8)
FN:132,(anonymous_9)
FN:174,(anonymous_10)
FN:180,(anonymous_11)
FN:186,(anonymous_12)
FN:204,(anonymous_13)
FN:211,(anonymous_14)
FNF:11
FNH:11
FNDA:6,(anonymous_4)
FNDA:6,(anonymous_5)
FNDA:6,(anonymous_6)
FNDA:6,(anonymous_7)
FNDA:6,(anonymous_8)
FNDA:10,(anonymous_9)
FNDA:6,(anonymous_10)
FNDA:6,(anonymous_11)
FNDA:6,(anonymous_12)
FNDA:6,(anonymous_13)
FNDA:40,(anonymous_14)
DA:1,1
DA:3,1
DA:4,1
DA:5,1
DA:7,1
DA:8,1
DA:28,1
DA:29,6
DA:32,6
DA:33,6
DA:34,6
DA:38,6
DA:39,6
DA:45,6
DA:49,6
DA:50,6
DA:52,6
DA:63,6
DA:64,6
DA:66,6
DA:69,0
DA:74,6
DA:75,6
DA:77,6
DA:86,6
DA:87,6
DA:94,6
DA:113,6
DA:115,6
DA:117,6
DA:121,6
DA:125,6
DA:127,6
DA:128,6
DA:129,6
DA:133,10
DA:134,10
DA:139,5
DA:148,5
DA:161,5
DA:162,5
DA:164,1
DA:169,1
DA:170,1
DA:175,6
DA:180,6
DA:191,6
DA:192,6
DA:195,6
DA:197,0
DA:200,0
DA:205,6
DA:206,6
DA:207,6
DA:208,6
DA:212,40
LF:56
LH:53
BRDA:54,0,0,6
BRDA:54,0,1,6
BRDA:77,1,0,6
BRDA:77,1,1,0
BRDA:82,2,0,6
BRDA:82,2,1,6
BRDA:89,3,0,6
BRDA:89,3,1,0
BRDA:90,4,0,6
BRDA:90,4,1,0
BRDA:91,5,0,6
BRDA:91,5,1,0
BRDA:97,6,0,6
BRDA:97,6,1,0
BRDA:115,7,0,6
BRDA:115,7,1,0
BRDA:117,8,0,0
BRDA:117,8,1,6
BRDA:121,9,0,6
BRDA:121,9,1,0
BRDA:144,10,0,5
BRDA:144,10,1,0
BRDA:181,11,0,6
BRDA:181,11,1,0
BRDA:191,12,0,6
BRDA:191,12,1,0
BRDA:195,13,0,6
BRDA:195,13,1,0
BRDA:32,14,0,1
BRDA:32,14,1,0
BRDA:32,15,0,1
BRDA:32,15,1,1
BRDA:32,16,0,1
BRDA:32,16,1,0
BRDA:32,17,0,1
BRDA:32,17,1,1
BRF:36
BRH:22
end_of_record
TN:
SF:src/agents/document/document.agent.ts
FN:37,(anonymous_4)
FN:41,(anonymous_5)
FN:50,(anonymous_6)
FN:74,(anonymous_7)
FN:75,(anonymous_8)
FN:83,(anonymous_9)
FN:91,(anonymous_10)
FNF:7
FNH:7
FNDA:2,(anonymous_4)
FNDA:2,(anonymous_5)
FNDA:1,(anonymous_6)
FNDA:2,(anonymous_7)
FNDA:2,(anonymous_8)
FNDA:1,(anonymous_9)
FNDA:1,(anonymous_10)
DA:1,1
DA:2,1
DA:3,1
DA:5,1
DA:6,1
DA:10,1
DA:20,1
DA:24,2
DA:26,2
DA:37,2
DA:38,2
DA:45,2
DA:49,2
DA:50,1
DA:53,2
DA:72,2
DA:74,2
DA:75,2
DA:82,2
DA:83,1
DA:86,2
DA:91,1
LF:22
LH:22
BRDA:49,0,0,2
BRDA:49,0,1,1
BRDA:61,1,0,1
BRDA:61,1,1,1
BRDA:64,2,0,2
BRDA:64,2,1,2
BRDA:72,3,0,2
BRDA:72,3,1,0
BRDA:74,4,0,2
BRDA:74,4,1,2
BRDA:77,5,0,1
BRDA:77,5,1,1
BRDA:82,6,0,1
BRDA:82,6,1,1
BRDA:82,7,0,2
BRDA:82,7,1,1
BRDA:88,8,0,2
BRDA:88,8,1,0
BRDA:90,9,0,2
BRDA:90,9,1,0
BRDA:94,10,0,2
BRDA:94,10,1,0
BRF:22
BRH:18
end_of_record
TN:
SF:src/agents/folder/folder.agent.ts
FN:38,(anonymous_2)
FN:42,(anonymous_3)
FN:91,(anonymous_4)
FN:94,(anonymous_5)
FN:102,(anonymous_6)
FN:107,(anonymous_7)
FN:114,(anonymous_8)
FN:118,(anonymous_9)
FNF:8
FNH:8
FNDA:2,(anonymous_2)
FNDA:2,(anonymous_3)
FNDA:2,(anonymous_4)
FNDA:4,(anonymous_5)
FNDA:2,(anonymous_6)
FNDA:2,(anonymous_7)
FNDA:2,(anonymous_8)
FNDA:1,(anonymous_9)
DA:1,1
DA:2,1
DA:3,1
DA:5,1
DA:6,1
DA:35,1
DA:36,2
DA:38,2
DA:39,2
DA:43,2
DA:46,2
DA:47,2
DA:48,1
DA:58,2
DA:59,2
DA:62,2
DA:63,2
DA:66,2
DA:70,2
DA:75,2
DA:77,2
DA:92,2
DA:93,2
DA:94,2
DA:95,4
DA:96,4
DA:97,3
DA:98,3
DA:101,2
DA:102,2
DA:103,2
DA:106,2
DA:107,2
DA:108,2
DA:111,2
DA:115,2
DA:116,2
DA:117,2
DA:118,5
DA:119,1
DA:120,1
DA:121,1
DA:122,1
DA:125,2
LF:44
LH:44
BRDA:47,0,0,1
BRDA:47,0,1,1
BRDA:47,1,0,2
BRDA:47,1,1,1
BRDA:50,2,0,1
BRDA:50,2,1,0
BRDA:51,3,0,1
BRDA:51,3,1,0
BRDA:59,4,0,2
BRDA:59,4,1,0
BRDA:63,5,0,1
BRDA:63,5,1,1
BRDA:94,6,0,0
BRDA:94,7,0,2
BRDA:96,8,0,1
BRDA:96,8,1,3
BRDA:96,9,0,4
BRDA:96,9,1,4
BRDA:103,10,0,2
BRDA:103,10,1,0
BRDA:108,11,0,2
BRDA:108,11,1,0
BRDA:119,12,0,1
BRDA:119,12,1,0
BRDA:120,13,0,0
BRDA:120,13,1,1
BRDA:122,14,0,1
BRDA:122,14,1,0
BRDA:122,15,0,1
BRDA:122,15,1,1
BRDA:38,16,0,1
BRDA:38,16,1,0
BRDA:38,17,0,1
BRDA:38,17,1,1
BRF:34
BRH:24
end_of_record
TN:
SF:src/agents/intent-analysis/intent-analysis.agent.ts
FN:41,(anonymous_4)
FN:45,(anonymous_5)
FN:64,(anonymous_6)
FN:70,(anonymous_7)
FN:87,(anonymous_8)
FNF:5
FNH:5
FNDA:5,(anonymous_4)
FNDA:5,(anonymous_5)
FNDA:4,(anonymous_6)
FNDA:4,(anonymous_7)
FNDA:2,(anonymous_8)
DA:1,1
DA:2,1
DA:5,1
DA:6,1
DA:7,1
DA:18,1
DA:22,5
DA:24,5
DA:41,5
DA:42,5
DA:48,5
DA:54,4
DA:55,4
DA:65,4
DA:68,4
DA:69,4
DA:70,4
DA:73,4
DA:77,4
DA:87,2
LF:20
LH:20
BRDA:59,0,0,1
BRDA:59,0,1,3
BRDA:65,1,0,3
BRDA:65,1,1,1
BRDA:69,2,0,4
BRDA:69,2,1,0
BRDA:73,3,0,2
BRDA:73,3,1,2
BRDA:73,4,0,4
BRDA:73,4,1,3
BRDA:78,5,0,3
BRDA:78,5,1,1
BRDA:80,6,0,1
BRDA:80,6,1,3
BRDA:82,7,0,4
BRDA:82,7,1,0
BRDA:86,8,0,3
BRDA:86,8,1,1
BRF:18
BRH:16
end_of_record
TN:
SF:src/agents/knowledge/knowledge.agent.ts
FN:28,(anonymous_2)
FN:36,(anonymous_3)
FN:75,(anonymous_4)
FN:83,(anonymous_5)
FN:86,(anonymous_6)
FN:90,(anonymous_7)
FNF:6
FNH:6
FNDA:4,(anonymous_2)
FNDA:4,(anonymous_3)
FNDA:4,(anonymous_4)
FNDA:4,(anonymous_5)
FNDA:4,(anonymous_6)
FNDA:4,(anonymous_7)
DA:1,1
DA:2,1
DA:3,1
DA:6,1
DA:7,1
DA:8,1
DA:11,1
DA:13,1
DA:14,1
DA:22,1
DA:26,4
DA:29,4
DA:30,4
DA:31,4
DA:33,4
DA:39,4
DA:40,4
DA:41,4
DA:42,4
DA:44,4
DA:51,4
DA:53,4
DA:54,2
DA:59,2
DA:68,2
DA:76,4
DA:77,4
DA:84,4
DA:85,3
DA:86,4
DA:91,4
DA:92,4
DA:93,4
DA:94,4
DA:95,4
DA:96,4
DA:98,4
LF:37
LH:37
BRDA:41,0,0,4
BRDA:41,0,1,1
BRDA:42,1,0,4
BRDA:42,1,1,3
BRDA:53,2,0,2
BRDA:53,2,1,2
BRDA:53,3,0,4
BRDA:53,3,1,3
BRDA:78,4,0,4
BRDA:78,4,1,4
BRDA:79,5,0,4
BRDA:79,5,1,4
BRDA:84,6,0,1
BRDA:84,6,1,3
BRDA:94,7,0,0
BRDA:94,7,1,4
BRDA:29,8,0,1
BRDA:29,8,1,0
BRDA:29,9,0,1
BRDA:29,9,1,1
BRDA:29,10,0,1
BRDA:29,10,1,0
BRDA:29,11,0,1
BRDA:29,11,1,1
BRDA:30,12,0,1
BRDA:30,12,1,0
BRDA:30,13,0,1
BRDA:30,13,1,1
BRF:28
BRH:24
end_of_record
TN:
SF:src/agents/knowledge-manager/knowledge-manager.agent.ts
FN:31,(anonymous_4)
FN:40,(anonymous_5)
FN:82,(anonymous_6)
FNF:3
FNH:3
FNDA:2,(anonymous_4)
FNDA:2,(anonymous_5)
FNDA:1,(anonymous_6)
DA:1,1
DA:2,1
DA:3,1
DA:4,1
DA:5,1
DA:7,1
DA:8,1
DA:9,1
DA:11,1
DA:12,1
DA:25,1
DA:29,2
DA:32,2
DA:33,2
DA:34,2
DA:35,2
DA:37,2
DA:43,2
DA:47,2
DA:49,2
DA:50,2
DA:52,2
DA:53,1
DA:56,1
DA:58,1
DA:59,1
DA:60,1
DA:61,1
DA:65,2
DA:66,1
DA:73,2
DA:89,1
DA:90,1
DA:92,1
DA:102,1
DA:103,1
DA:104,2
DA:105,2
DA:111,1
DA:119,1
DA:124,1
LF:41
LH:41
BRDA:47,0,0,2
BRDA:47,0,1,0
BRDA:56,1,0,0
BRDA:56,1,1,1
BRDA:56,2,0,1
BRDA:56,2,1,1
BRDA:59,3,0,1
BRDA:59,3,1,0
BRDA:65,4,0,1
BRDA:65,4,1,1
BRDA:75,5,0,1
BRDA:75,5,1,1
BRDA:76,6,0,1
BRDA:76,6,1,1
BRDA:78,7,0,1
BRDA:78,7,1,1
BRDA:90,8,0,0
BRDA:90,8,1,1
BRDA:32,9,0,1
BRDA:32,9,1,0
BRDA:32,10,0,1
BRDA:32,10,1,1
BRDA:32,11,0,1
BRDA:32,11,1,0
BRDA:32,12,0,1
BRDA:32,12,1,1
BRDA:34,13,0,1
BRDA:34,13,1,0
BRDA:34,14,0,1
BRDA:34,14,1,1
BRF:30
BRH:23
end_of_record
TN:
SF:src/agents/knowledge-validation/knowledge-validation.agent.ts
FN:28,(anonymous_2)
FN:32,(anonymous_3)
FN:39,(anonymous_4)
FN:84,(anonymous_5)
FN:94,(anonymous_6)
FN:107,(anonymous_7)
FN:111,(anonymous_8)
FNF:7
FNH:7
FNDA:2,(anonymous_2)
FNDA:2,(anonymous_3)
FNDA:2,(anonymous_4)
FNDA:2,(anonymous_5)
FNDA:5,(anonymous_6)
FNDA:2,(anonymous_7)
FNDA:8,(anonymous_8)
DA:1,1
DA:2,1
DA:3,1
DA:5,1
DA:6,1
DA:13,1
DA:14,1
DA:22,1
DA:26,2
DA:28,2
DA:29,2
DA:35,2
DA:39,2
DA:41,2
DA:42,2
DA:43,2
DA:45,2
DA:47,2
DA:48,2
DA:51,2
DA:53,2
DA:54,2
DA:56,2
DA:57,2
DA:63,2
DA:72,2
DA:73,1
DA:76,2
DA:90,2
DA:93,2
DA:94,5
DA:95,2
DA:98,2
DA:99,2
DA:102,2
DA:104,2
DA:108,2
DA:111,8
LF:38
LH:38
BRDA:39,0,0,2
BRDA:39,0,1,0
BRDA:51,1,0,0
BRDA:51,1,1,2
BRDA:56,2,0,2
BRDA:56,2,1,1
BRDA:57,3,0,1
BRDA:57,3,1,1
BRDA:58,4,0,1
BRDA:58,4,1,0
BRDA:66,5,0,1
BRDA:66,5,1,1
BRDA:72,6,0,1
BRDA:72,6,1,1
BRDA:73,7,0,1
BRDA:73,7,1,0
BRDA:78,8,0,2
BRDA:78,8,1,0
BRDA:79,9,0,1
BRDA:79,9,1,1
BRDA:80,10,0,1
BRDA:80,10,1,1
BRDA:95,11,0,2
BRDA:95,11,1,0
BRDA:99,12,0,2
BRDA:99,12,1,0
BRDA:28,13,0,1
BRDA:28,13,1,0
BRDA:28,14,0,1
BRDA:28,14,1,1
BRF:30
BRH:22
end_of_record
TN:
SF:src/agents/learning/learning.agent.ts
FN:14,(anonymous_2)
FN:20,(anonymous_3)
FN:31,(anonymous_4)
FN:48,(anonymous_5)
FNF:4
FNH:4
FNDA:3,(anonymous_2)
FNDA:1,(anonymous_3)
FNDA:1,(anonymous_4)
FNDA:1,(anonymous_5)
DA:1,1
DA:2,1
DA:3,1
DA:6,1
DA:13,1
DA:15,3
DA:16,3
DA:20,1
DA:21,1
DA:22,1
DA:31,1
DA:35,1
DA:36,1
DA:41,1
DA:48,1
DA:53,1
DA:54,1
DA:55,2
LF:18
LH:18
BRDA:21,0,0,1
BRDA:21,0,1,0
BRDA:26,1,0,1
BRDA:26,1,1,0
BRDA:53,2,0,0
BRDA:53,2,1,1
BRDA:53,3,0,1
BRDA:53,3,1,1
BRDA:20,4,0,1
BRDA:20,4,1,0
BRDA:20,5,0,1
BRDA:20,5,1,1
BRDA:34,6,0,1
BRDA:34,6,1,0
BRDA:34,7,0,1
BRDA:34,7,1,1
BRDA:52,8,0,1
BRDA:52,8,1,0
BRDA:52,9,0,1
BRDA:52,9,1,1
BRDA:15,10,0,1
BRDA:15,10,1,0
BRDA:15,11,0,1
BRDA:15,11,1,1
BRDA:15,12,0,1
BRDA:15,12,1,0
BRDA:15,13,0,1
BRDA:15,13,1,1
BRF:28
BRH:20
end_of_record
TN:
SF:src/agents/monitoring/monitoring.agent.ts
FN:21,(anonymous_2)
FN:28,(anonymous_3)
FN:40,(anonymous_4)
FNF:3
FNH:2
FNDA:2,(anonymous_2)
FNDA:2,(anonymous_3)
FNDA:0,(anonymous_4)
DA:1,1
DA:2,1
DA:3,1
DA:4,1
DA:10,1
DA:18,1
DA:19,2
DA:22,2
DA:23,2
DA:28,1
DA:29,2
DA:32,2
DA:34,2
DA:35,1
DA:40,0
DA:43,2
DA:50,2
LF:17
LH:16
BRDA:29,0,0,2
BRDA:29,0,1,0
BRDA:32,1,0,2
BRDA:32,1,1,2
BRDA:34,2,0,1
BRDA:34,2,1,1
BRDA:28,3,0,1
BRDA:28,3,1,0
BRDA:28,4,0,1
BRDA:28,4,1,1
BRDA:22,5,0,1
BRDA:22,5,1,0
BRDA:22,6,0,1
BRDA:22,6,1,1
BRDA:22,7,0,1
BRDA:22,7,1,0
BRDA:22,8,0,1
BRDA:22,8,1,1
BRF:18
BRH:14
end_of_record
TN:
SF:src/agents/notification/notification.agent.ts
FN:18,(anonymous_2)
FN:24,(anonymous_3)
FN:35,(anonymous_4)
FN:44,(anonymous_5)
FN:59,(anonymous_6)
FN:73,(anonymous_7)
FN:85,(anonymous_8)
FNF:7
FNH:5
FNDA:3,(anonymous_2)
FNDA:2,(anonymous_3)
FNDA:0,(anonymous_4)
FNDA:0,(anonymous_5)
FNDA:1,(anonymous_6)
FNDA:2,(anonymous_7)
FNDA:2,(anonymous_8)
DA:1,1
DA:2,1
DA:3,1
DA:4,1
DA:6,1
DA:7,1
DA:15,1
DA:16,3
DA:19,3
DA:20,3
DA:24,1
DA:25,2
DA:26,2
DA:35,1
DA:36,0
DA:44,1
DA:49,0
DA:50,0
DA:59,1
DA:64,1
DA:65,1
DA:78,2
DA:81,2
DA:82,1
DA:90,2
DA:91,2
DA:93,0
LF:27
LH:23
BRDA:25,0,0,2
BRDA:25,0,1,0
BRDA:49,1,0,0
BRDA:49,1,1,0
BRDA:49,2,0,0
BRDA:49,2,1,0
BRDA:64,3,0,0
BRDA:64,3,1,1
BRDA:81,4,0,1
BRDA:81,4,1,1
BRDA:24,5,0,1
BRDA:24,5,1,0
BRDA:24,6,0,1
BRDA:24,6,1,1
BRDA:24,7,0,1
BRDA:24,7,1,0
BRDA:24,8,0,1
BRDA:24,8,1,1
BRDA:35,9,0,1
BRDA:35,9,1,0
BRDA:35,10,0,1
BRDA:35,10,1,1
BRDA:48,11,0,1
BRDA:48,11,1,0
BRDA:48,12,0,1
BRDA:48,12,1,1
BRDA:62,13,0,1
BRDA:62,13,1,0
BRDA:62,14,0,1
BRDA:62,14,1,1
BRDA:19,15,0,1
BRDA:19,15,1,0
BRDA:19,16,0,1
BRDA:19,16,1,1
BRDA:19,17,0,1
BRDA:19,17,1,0
BRDA:19,18,0,1
BRDA:19,18,1,1
BRF:38
BRH:25
end_of_record
TN:
SF:src/agents/pdf/pdf.agent.ts
FN:19,(anonymous_2)
FN:23,(anonymous_3)
FNF:2
FNH:2
FNDA:2,(anonymous_2)
FNDA:2,(anonymous_3)
DA:1,1
DA:2,1
DA:3,1
DA:5,1
DA:8,1
DA:16,1
DA:17,2
DA:19,2
DA:20,2
DA:26,2
DA:27,2
DA:29,2
DA:30,2
LF:13
LH:13
BRDA:27,0,0,1
BRDA:27,0,1,1
BRDA:19,1,0,1
BRDA:19,1,1,0
BRDA:19,2,0,1
BRDA:19,2,1,1
BRF:6
BRH:5
end_of_record
TN:
SF:src/agents/planning/planning.agent.ts
FN:36,(anonymous_4)
FN:40,(anonymous_5)
FN:53,(anonymous_6)
FN:71,(anonymous_7)
FNF:4
FNH:4
FNDA:2,(anonymous_4)
FNDA:2,(anonymous_5)
FNDA:2,(anonymous_6)
FNDA:1,(anonymous_7)
DA:1,1
DA:2,1
DA:5,1
DA:6,1
DA:10,1
DA:17,1
DA:21,2
DA:23,2
DA:36,2
DA:37,2
DA:41,2
DA:52,2
DA:53,2
DA:61,2
DA:71,1
LF:15
LH:15
BRDA:47,0,0,2
BRDA:47,0,1,2
BRDA:52,1,0,1
BRDA:52,1,1,1
BRDA:54,2,0,2
BRDA:54,2,1,0
BRDA:55,3,0,2
BRDA:55,3,1,0
BRDA:56,4,0,2
BRDA:56,4,1,0
BRDA:57,5,0,2
BRDA:57,5,1,0
BRDA:65,6,0,1
BRDA:65,6,1,1
BRDA:69,7,0,1
BRDA:69,7,1,1
BRDA:70,8,0,1
BRDA:70,8,1,1
BRDA:74,9,0,1
BRDA:74,9,1,1
BRDA:75,10,0,1
BRDA:75,10,1,1
BRF:22
BRH:18
end_of_record
TN:
SF:src/agents/procedure/procedure.agent.ts
FN:40,(anonymous_4)
FN:44,(anonymous_5)
FN:57,(anonymous_6)
FN:68,(anonymous_7)
FN:69,(anonymous_8)
FN:89,(anonymous_9)
FN:90,(anonymous_10)
FNF:7
FNH:7
FNDA:2,(anonymous_4)
FNDA:2,(anonymous_5)
FNDA:2,(anonymous_6)
FNDA:4,(anonymous_7)
FNDA:3,(anonymous_8)
FNDA:4,(anonymous_9)
FNDA:2,(anonymous_10)
DA:1,1
DA:2,1
DA:5,1
DA:6,1
DA:10,1
DA:21,1
DA:25,2
DA:27,2
DA:40,2
DA:41,2
DA:45,2
DA:56,2
DA:57,2
DA:64,2
DA:68,4
DA:69,3
DA:76,2
DA:90,4
LF:18
LH:18
BRDA:51,0,0,2
BRDA:51,0,1,2
BRDA:56,1,0,2
BRDA:56,1,1,0
BRDA:58,2,0,2
BRDA:58,2,1,0
BRDA:59,3,0,2
BRDA:59,3,1,0
BRDA:60,4,0,2
BRDA:60,4,1,0
BRDA:64,5,0,2
BRDA:64,5,1,0
BRDA:68,6,0,4
BRDA:68,6,1,4
BRDA:72,7,0,1
BRDA:72,7,1,2
BRDA:78,8,0,2
BRDA:78,8,1,0
BRDA:78,9,0,0
BRDA:78,9,1,0
BRDA:84,10,0,2
BRDA:84,10,1,0
BRDA:85,11,0,2
BRDA:85,11,1,0
BRDA:90,12,0,2
BRDA:90,12,1,2
BRF:26
BRH:16
end_of_record
TN:
SF:src/agents/quality/quality.agent.ts
FN:29,(anonymous_2)
FN:33,(anonymous_3)
FN:87,(anonymous_4)
FN:89,(anonymous_5)
FN:92,(anonymous_6)
FN:96,(anonymous_7)
FN:113,(anonymous_8)
FN:116,(anonymous_9)
FN:121,(anonymous_10)
FNF:9
FNH:9
FNDA:2,(anonymous_2)
FNDA:2,(anonymous_3)
FNDA:2,(anonymous_4)
FNDA:2,(anonymous_5)
FNDA:2,(anonymous_6)
FNDA:2,(anonymous_7)
FNDA:2,(anonymous_8)
FNDA:1,(anonymous_9)
FNDA:8,(anonymous_10)
DA:1,1
DA:2,1
DA:3,1
DA:4,1
DA:6,1
DA:7,1
DA:11,1
DA:12,1
DA:23,1
DA:27,2
DA:29,2
DA:30,2
DA:36,2
DA:37,2
DA:38,2
DA:41,2
DA:47,2
DA:48,2
DA:51,2
DA:52,2
DA:55,2
DA:57,2
DA:58,2
DA:59,1
DA:60,2
DA:61,2
DA:62,1
DA:64,2
DA:73,2
DA:74,1
DA:80,2
DA:88,2
DA:89,2
DA:91,2
DA:92,2
DA:93,2
DA:101,2
DA:105,2
DA:106,2
DA:114,2
DA:115,2
DA:116,2
DA:118,2
DA:122,8
LF:44
LH:44
BRDA:47,0,0,2
BRDA:47,0,1,1
BRDA:48,1,0,1
BRDA:48,1,1,1
BRDA:51,2,0,1
BRDA:51,2,1,1
BRDA:55,3,0,2
BRDA:55,3,1,1
BRDA:58,4,0,1
BRDA:58,4,1,1
BRDA:60,5,0,1
BRDA:60,5,1,1
BRDA:61,6,0,1
BRDA:61,6,1,1
BRDA:73,7,0,1
BRDA:73,7,1,1
BRDA:83,8,0,1
BRDA:83,8,1,1
BRDA:89,9,0,2
BRDA:89,9,1,2
BRDA:91,10,0,0
BRDA:91,10,1,2
BRDA:92,11,0,2
BRDA:92,11,1,0
BRDA:105,12,0,2
BRDA:105,12,1,0
BRDA:107,13,0,2
BRDA:107,13,1,0
BRDA:108,14,0,2
BRDA:108,14,1,1
BRDA:116,15,0,1
BRDA:116,15,1,0
BRDA:29,16,0,1
BRDA:29,16,1,0
BRDA:29,17,0,1
BRDA:29,17,1,1
BRF:36
BRH:30
end_of_record
TN:
SF:src/agents/verification/verification.agent.ts
FN:24,(anonymous_2)
FN:31,(anonymous_3)
FN:37,(anonymous_4)
FN:38,(anonymous_5)
FNF:4
FNH:4
FNDA:3,(anonymous_2)
FNDA:3,(anonymous_3)
FNDA:4,(anonymous_4)
FNDA:1,(anonymous_5)
DA:1,1
DA:2,1
DA:3,1
DA:6,1
DA:7,1
DA:8,1
DA:18,1
DA:22,3
DA:25,3
DA:26,3
DA:28,3
DA:34,3
DA:36,3
DA:37,4
DA:38,1
DA:40,3
DA:42,3
DA:44,3
DA:45,3
DA:46,1
DA:50,3
DA:51,1
DA:53,3
DA:54,1
DA:57,3
DA:59,3
DA:68,3
LF:27
LH:27
BRDA:37,0,0,4
BRDA:37,0,1,4
BRDA:42,1,0,1
BRDA:42,1,1,2
BRDA:42,2,0,3
BRDA:42,2,1,2
BRDA:45,3,0,1
BRDA:45,3,1,2
BRDA:53,4,0,1
BRDA:53,4,1,2
BRDA:62,5,0,3
BRDA:62,5,1,3
BRDA:71,6,0,2
BRDA:71,6,1,1
BRDA:25,7,0,1
BRDA:25,7,1,0
BRDA:25,8,0,1
BRDA:25,8,1,1
BRDA:25,9,0,1
BRDA:25,9,1,0
BRDA:25,10,0,1
BRDA:25,10,1,1
BRF:22
BRH:20
end_of_record
TN:
SF:src/agents/web-research/web-research.agent.ts
FN:24,(anonymous_2)
FN:31,(anonymous_3)
FN:46,(anonymous_4)
FNF:3
FNH:3
FNDA:2,(anonymous_2)
FNDA:2,(anonymous_3)
FNDA:1,(anonymous_4)
DA:1,1
DA:2,1
DA:3,1
DA:6,1
DA:7,1
DA:10,1
DA:18,1
DA:22,2
DA:25,2
DA:26,2
DA:28,2
DA:35,2
DA:37,2
DA:39,2
DA:40,1
DA:46,2
DA:52,2
LF:17
LH:17
BRDA:39,0,0,1
BRDA:39,0,1,1
BRDA:54,1,0,1
BRDA:54,1,1,1
BRDA:55,2,0,1
BRDA:55,2,1,1
BRDA:56,3,0,1
BRDA:56,3,1,1
BRDA:25,4,0,1
BRDA:25,4,1,0
BRDA:25,5,0,1
BRDA:25,5,1,1
BRDA:25,6,0,1
BRDA:25,6,1,0
BRDA:25,7,0,1
BRDA:25,7,1,1
BRF:16
BRH:14
end_of_record
TN:
SF:src/orchestration/agent-registry.ts
FN:18,(anonymous_2)
FN:20,(anonymous_3)
FN:38,(anonymous_4)
FN:42,(anonymous_5)
FN:48,(anonymous_6)
FNF:5
FNH:0
FNDA:0,(anonymous_2)
FNDA:0,(anonymous_3)
FNDA:0,(anonymous_4)
FNDA:0,(anonymous_5)
FNDA:0,(anonymous_6)
DA:1,2
DA:2,2
DA:3,2
DA:13,2
DA:14,0
DA:15,0
DA:16,0
DA:18,0
DA:21,0
DA:22,0
DA:23,0
DA:30,0
DA:33,0
DA:39,0
DA:43,0
DA:44,0
DA:45,0
DA:49,0
LF:18
LH:4
BRDA:23,0,0,0
BRDA:23,0,1,0
BRDA:24,1,0,0
BRDA:24,1,1,0
BRDA:24,1,2,0
BRDA:24,1,3,0
BRDA:24,1,4,0
BRDA:44,2,0,0
BRDA:44,2,1,0
BRDA:18,3,0,2
BRDA:18,3,1,0
BRDA:18,4,0,2
BRDA:18,4,1,2
BRF:13
BRH:3
end_of_record
TN:
SF:src/orchestration/execution-plan.ts
FN:11,(anonymous_0)
FN:15,(anonymous_1)
FN:19,(anonymous_2)
FN:29,(anonymous_3)
FN:45,(anonymous_4)
FNF:5
FNH:5
FNDA:11,(anonymous_0)
FNDA:73,(anonymous_1)
FNDA:51,(anonymous_2)
FNDA:5,(anonymous_3)
FNDA:1,(anonymous_4)
DA:7,3
DA:9,11
DA:12,11
DA:16,73
DA:20,51
DA:33,5
DA:34,5
DA:35,5
DA:36,4
DA:37,2
DA:38,1
DA:40,3
DA:41,1
DA:46,1
LF:14
LH:14
BRDA:31,0,0,2
BRDA:33,1,0,2
BRDA:33,1,1,3
BRDA:35,2,0,1
BRDA:35,2,1,4
BRDA:36,3,0,2
BRDA:36,3,1,2
BRDA:37,4,0,1
BRDA:37,4,1,1
BRDA:40,5,0,2
BRDA:40,5,1,1
BRF:11
BRH:11
end_of_record
TN:
SF:src/orchestration/orchestration.module.ts
FNF:0
FNH:0
DA:1,0
DA:2,0
DA:3,0
DA:4,0
DA:5,0
DA:6,0
DA:18,0
LF:7
LH:0
BRF:0
BRH:0
end_of_record
TN:
SF:src/orchestration/orchestrator.service.ts
FN:33,(anonymous_2)
FN:44,(anonymous_3)
FN:78,(anonymous_4)
FN:92,(anonymous_5)
FN:105,(anonymous_6)
FN:126,(anonymous_7)
FN:132,(anonymous_8)
FN:144,(anonymous_9)
FN:163,(anonymous_10)
FNF:9
FNH:8
FNDA:7,(anonymous_2)
FNDA:7,(anonymous_3)
FNDA:7,(anonymous_4)
FNDA:0,(anonymous_5)
FNDA:7,(anonymous_6)
FNDA:6,(anonymous_7)
FNDA:57,(anonymous_8)
FNDA:57,(anonymous_9)
FNDA:57,(anonymous_10)
DA:1,2
DA:2,2
DA:5,2
DA:7,2
DA:8,2
DA:9,2
DA:10,2
DA:13,2
DA:30,2
DA:31,7
DA:34,7
DA:35,7
DA:36,7
DA:37,7
DA:46,7
DA:49,7
DA:52,7
DA:54,7
DA:55,7
DA:56,57
DA:57,0
DA:60,0
DA:62,57
DA:63,7
DA:64,7
DA:66,50
DA:67,50
DA:68,50
DA:71,50
DA:72,1
DA:82,7
DA:83,0
DA:85,7
DA:86,7
DA:87,7
DA:93,0
DA:106,7
DA:108,7
DA:109,7
DA:111,6
DA:112,6
DA:116,6
DA:123,6
DA:127,6
DA:128,6
DA:137,57
DA:138,57
DA:139,57
DA:140,57
DA:141,57
DA:145,57
DA:146,57
DA:158,0
DA:164,57
DA:165,57
DA:166,57
DA:168,0
LF:57
LH:51
BRDA:56,0,0,0
BRDA:56,0,1,57
BRDA:62,1,0,7
BRDA:62,1,1,50
BRDA:71,2,0,1
BRDA:71,2,1,49
BRDA:82,3,0,0
BRDA:82,3,1,7
BRDA:87,4,0,0
BRDA:87,4,1,7
BRDA:106,5,0,0
BRDA:106,5,1,7
BRDA:109,6,0,1
BRDA:109,6,1,6
BRDA:112,7,0,6
BRDA:112,7,1,0
BRDA:149,8,0,57
BRDA:149,8,1,7
BRDA:152,9,0,57
BRDA:152,9,1,0
BRDA:153,10,0,57
BRDA:153,10,1,57
BRDA:165,11,0,57
BRDA:165,11,1,0
BRDA:166,12,0,0
BRDA:166,12,1,57
BRDA:34,13,0,2
BRDA:34,13,1,0
BRDA:34,14,0,2
BRDA:34,14,1,2
BRDA:34,15,0,2
BRDA:34,15,1,0
BRDA:34,16,0,2
BRDA:34,16,1,2
BRDA:35,17,0,2
BRDA:35,17,1,0
BRDA:35,18,0,2
BRDA:35,18,1,2
BRDA:36,19,0,2
BRDA:36,19,1,0
BRDA:36,20,0,2
BRDA:36,20,1,2
BRF:42
BRH:30
end_of_record
TN:
SF:src/orchestration/workflow.factory.ts
FN:25,(anonymous_1)
FNF:1
FNH:1
FNDA:7,(anonymous_1)
DA:1,2
DA:2,2
DA:4,2
DA:12,2
DA:14,7
DA:28,7
DA:29,7
LF:7
LH:7
BRF:0
BRH:0
end_of_record
